2026-04-09 22:06:14,487 | INFO | ============================================================
2026-04-09 22:06:14,487 | INFO | FULL PIPELINE: SVM → DGCNN → Conformer → Ensemble
2026-04-09 22:06:14,487 | INFO | ============================================================
2026-04-09 22:06:14,487 | INFO | Loading training data...
2026-04-09 22:06:22,707 | INFO | Data: (4320, 30, 2500)
2026-04-09 22:10:53,011 | INFO | DE features: (4320, 120)
2026-04-09 22:10:53,011 | INFO | 
--- Phase 1: SVM Baseline ---
2026-04-09 22:10:53,012 | INFO | ============================================================
2026-04-09 22:10:53,012 | INFO | Starting LOSO evaluation for: SVM_DE
2026-04-09 22:10:53,012 | INFO | ============================================================
2026-04-09 22:11:01,401 | INFO | Loaded 4320 windows from 60 subjects
2026-04-09 22:16:56,525 | INFO | DE features shape: (4320, 120)
2026-04-09 22:16:56,526 | INFO | Stratified LOSO: 10 subjects (7 HC + 3 DEP) out of 60 total
2026-04-09 22:16:56,526 | INFO | Eval subjects: ['DEP1003', 'DEP1030', 'DEP1032', 'HC1003', 'HC1011', 'HC1014', 'HC1017', 'HC1025', 'HC1035', 'HC1054']
2026-04-09 22:17:02,504 | INFO |   [1/10] DEP1003: acc=0.6806
2026-04-09 22:17:08,519 | INFO |   [2/10] DEP1030: acc=0.5000
2026-04-09 22:17:14,607 | INFO |   [3/10] DEP1032: acc=0.5417
2026-04-09 22:17:20,719 | INFO |   [4/10] HC1003: acc=0.8056
2026-04-09 22:17:26,674 | INFO |   [5/10] HC1011: acc=0.7222
2026-04-09 22:17:32,677 | INFO |   [6/10] HC1014: acc=0.5000
2026-04-09 22:17:38,809 | INFO |   [7/10] HC1017: acc=0.9583
2026-04-09 22:17:44,850 | INFO |   [8/10] HC1025: acc=0.6250
2026-04-09 22:17:50,858 | INFO |   [9/10] HC1035: acc=0.6250
2026-04-09 22:17:56,994 | INFO |   [10/10] HC1054: acc=0.6250
2026-04-09 22:17:56,994 | INFO | 
============================================================
2026-04-09 22:17:56,995 | INFO | Model: SVM_DE
2026-04-09 22:17:56,995 | INFO | LOSO Mean Accuracy: 0.6583 (65.83%)
2026-04-09 22:17:56,995 | INFO | LOSO Std: 0.1354
2026-04-09 22:17:56,995 | INFO | ============================================================
2026-04-09 22:18:03,419 | INFO | 
--- Phase 2: DGCNN ---
2026-04-09 22:18:03,421 | INFO | ============================================================
2026-04-09 22:18:03,422 | INFO | Starting LOSO evaluation for: DGCNN
2026-04-09 22:18:03,422 | INFO | ============================================================
2026-04-09 22:18:11,215 | INFO | Loaded 4320 windows from 60 subjects
2026-04-09 22:23:39,000 | INFO | DE features shape: (4320, 120)
2026-04-09 22:23:39,001 | INFO | Stratified LOSO: 10 subjects (7 HC + 3 DEP) out of 60 total
2026-04-09 22:23:39,001 | INFO | Eval subjects: ['DEP1003', 'DEP1030', 'DEP1032', 'HC1003', 'HC1011', 'HC1014', 'HC1017', 'HC1025', 'HC1035', 'HC1054']
2026-04-09 22:24:06,966 | INFO |   [1/10] DEP1003: acc=0.5139
2026-04-09 22:24:32,093 | INFO |   [2/10] DEP1030: acc=0.5000
2026-04-09 22:24:53,097 | INFO |   [3/10] DEP1032: acc=0.5694
2026-04-09 22:25:13,083 | INFO |   [4/10] HC1003: acc=0.7222
2026-04-09 22:25:33,484 | INFO |   [5/10] HC1011: acc=0.6111
2026-04-09 22:25:53,532 | INFO |   [6/10] HC1014: acc=0.5139
2026-04-09 22:26:13,437 | INFO |   [7/10] HC1017: acc=0.7917
2026-04-09 22:26:33,157 | INFO |   [8/10] HC1025: acc=0.8194
2026-04-09 22:26:52,884 | INFO |   [9/10] HC1035: acc=0.6389
2026-04-09 22:27:12,742 | INFO |   [10/10] HC1054: acc=0.4028
2026-04-09 22:27:12,742 | INFO | 
============================================================
2026-04-09 22:27:12,742 | INFO | Model: DGCNN
2026-04-09 22:27:12,742 | INFO | LOSO Mean Accuracy: 0.6083 (60.83%)
2026-04-09 22:27:12,743 | INFO | LOSO Std: 0.1286
2026-04-09 22:27:12,743 | INFO | ============================================================
2026-04-09 22:27:32,832 | INFO | 
--- Phase 3: EEG-Conformer ---
2026-04-09 22:27:32,835 | INFO | ============================================================
2026-04-09 22:27:32,835 | INFO | Starting LOSO evaluation for: EEG-Conformer
2026-04-09 22:27:32,835 | INFO | ============================================================
2026-04-09 22:27:40,711 | INFO | Loaded 4320 windows from 60 subjects
2026-04-09 22:27:40,712 | INFO | Stratified LOSO: 10 subjects (7 HC + 3 DEP) out of 60 total
2026-04-09 22:27:40,712 | INFO | Eval subjects: ['DEP1003', 'DEP1030', 'DEP1032', 'HC1003', 'HC1011', 'HC1014', 'HC1017', 'HC1025', 'HC1035', 'HC1054']
2026-04-09 22:33:19,182 | INFO |   [1/10] DEP1003: acc=0.5972
2026-04-09 22:39:38,781 | INFO |   [2/10] DEP1030: acc=0.5833
2026-04-09 22:46:29,649 | INFO |   [3/10] DEP1032: acc=0.5000
2026-04-09 22:53:11,228 | INFO |   [4/10] HC1003: acc=0.5139
2026-04-09 22:59:50,548 | INFO |   [5/10] HC1011: acc=0.5694
2026-04-09 23:06:12,234 | INFO |   [6/10] HC1014: acc=0.5556
2026-04-09 23:12:38,323 | INFO |   [7/10] HC1017: acc=0.7361
2026-04-09 23:19:04,957 | INFO |   [8/10] HC1025: acc=0.5278
2026-04-09 23:25:19,193 | INFO |   [9/10] HC1035: acc=0.7222
2026-04-09 23:31:58,380 | INFO |   [10/10] HC1054: acc=0.4861
2026-04-09 23:31:58,381 | INFO | 
============================================================
2026-04-09 23:31:58,381 | INFO | Model: EEG-Conformer
2026-04-09 23:31:58,381 | INFO | LOSO Mean Accuracy: 0.5792 (57.92%)
2026-04-09 23:31:58,381 | INFO | LOSO Std: 0.0824
2026-04-09 23:31:58,381 | INFO | ============================================================
2026-04-09 23:38:30,444 | INFO | 
============================================================
2026-04-09 23:38:30,445 | INFO | RESULTS SUMMARY
2026-04-09 23:38:30,445 | INFO | ============================================================
2026-04-09 23:38:30,445 | INFO | SVM Baseline:    0.6583 (65.83%)
2026-04-09 23:38:30,445 | INFO | DGCNN:           0.6083 (60.83%)
2026-04-09 23:38:30,445 | INFO | EEG-Conformer:   0.5792 (57.92%)
2026-04-09 23:38:30,445 | INFO | 
Generating ensemble submission...
2026-04-09 23:38:32,088 | INFO |   P_test1: ensemble=[0 0 0 0 0 0 0 0]
2026-04-09 23:38:33,260 | INFO |   P_test10: ensemble=[0 1 1 1 0 1 1 1]
2026-04-09 23:38:34,396 | INFO |   P_test2: ensemble=[1 0 1 1 1 0 0 0]
2026-04-09 23:38:35,643 | INFO |   P_test3: ensemble=[1 0 1 0 1 0 0 1]
2026-04-09 23:38:37,064 | INFO |   P_test4: ensemble=[0 0 1 1 1 1 1 1]
2026-04-09 23:38:38,239 | INFO |   P_test5: ensemble=[0 0 0 1 0 0 0 0]
2026-04-09 23:38:39,401 | INFO |   P_test6: ensemble=[0 0 0 0 0 0 0 0]
2026-04-09 23:38:40,609 | INFO |   P_test7: ensemble=[0 1 1 0 0 1 1 1]
2026-04-09 23:38:41,899 | INFO |   P_test8: ensemble=[1 0 0 0 1 0 0 1]
2026-04-09 23:38:43,022 | INFO |   P_test9: ensemble=[1 0 0 1 0 1 0 1]
2026-04-09 23:38:43,053 | INFO | 
============================================================
Full Pipeline Results
============================================================
SVM Baseline:    0.6583 (65.83%)
DGCNN:           0.6083 (60.83%)
EEG-Conformer:   0.5792 (57.92%)
Ensemble:        submission generated
Total time:      5539.2s (92.3 min)
============================================================

2026-04-09 23:38:43,054 | INFO | 
Full pipeline complete! Total time: 5539.2s
