2026-04-10 09:58:05,841 | INFO | Loading training data...
2026-04-10 09:58:14,862 | INFO | Data: (4320, 30, 2500)
2026-04-10 10:03:52,802 | INFO | DE features: (4320, 120)
2026-04-10 10:03:52,802 | INFO | 
============================================================
2026-04-10 10:03:52,802 | INFO | WITHOUT CORAL
2026-04-10 10:03:52,803 | INFO | ============================================================
2026-04-10 10:03:53,734 | INFO | ============================================================
2026-04-10 10:03:53,734 | INFO | Starting LOSO evaluation for: SVM_DE
2026-04-10 10:03:53,735 | INFO | ============================================================
2026-04-10 10:04:02,765 | INFO | Loaded 4320 windows from 60 subjects
2026-04-10 10:09:46,413 | INFO | DE features shape: (4320, 120)
2026-04-10 10:09:46,414 | INFO | Stratified LOSO: 10 subjects (7 HC + 3 DEP) out of 60 total
2026-04-10 10:09:46,414 | INFO | Eval subjects: ['DEP1003', 'DEP1030', 'DEP1032', 'HC1003', 'HC1011', 'HC1014', 'HC1017', 'HC1025', 'HC1035', 'HC1054']
2026-04-10 10:09:53,525 | INFO |   [1/10] DEP1003: acc=0.6806
2026-04-10 10:10:00,468 | INFO |   [2/10] DEP1030: acc=0.5000
2026-04-10 10:10:07,531 | INFO |   [3/10] DEP1032: acc=0.5417
2026-04-10 10:10:14,677 | INFO |   [4/10] HC1003: acc=0.8056
2026-04-10 10:10:21,315 | INFO |   [5/10] HC1011: acc=0.7222
2026-04-10 10:10:28,710 | INFO |   [6/10] HC1014: acc=0.5000
2026-04-10 10:10:35,469 | INFO |   [7/10] HC1017: acc=0.9583
2026-04-10 10:10:46,254 | INFO |   [8/10] HC1025: acc=0.6250
2026-04-10 10:10:56,543 | INFO |   [9/10] HC1035: acc=0.6250
2026-04-10 10:11:06,561 | INFO |   [10/10] HC1054: acc=0.6250
2026-04-10 10:11:06,561 | INFO | 
============================================================
2026-04-10 10:11:06,561 | INFO | Model: SVM_DE
2026-04-10 10:11:06,563 | INFO | LOSO Mean Accuracy: 0.6583 (65.83%)
2026-04-10 10:11:06,563 | INFO | LOSO Std: 0.1354
2026-04-10 10:11:06,563 | INFO | ============================================================
2026-04-10 10:11:06,740 | INFO | ============================================================
2026-04-10 10:11:06,740 | INFO | Starting LOSO evaluation for: DGCNN
2026-04-10 10:11:06,741 | INFO | ============================================================
2026-04-10 10:11:15,749 | INFO | Loaded 4320 windows from 60 subjects
2026-04-10 10:17:00,439 | INFO | DE features shape: (4320, 120)
2026-04-10 10:17:00,440 | INFO | Stratified LOSO: 10 subjects (7 HC + 3 DEP) out of 60 total
2026-04-10 10:17:00,440 | INFO | Eval subjects: ['DEP1003', 'DEP1030', 'DEP1032', 'HC1003', 'HC1011', 'HC1014', 'HC1017', 'HC1025', 'HC1035', 'HC1054']
2026-04-10 10:17:29,345 | INFO |   [1/10] DEP1003: acc=0.5139
2026-04-10 10:17:54,718 | INFO |   [2/10] DEP1030: acc=0.5000
2026-04-10 10:18:20,157 | INFO |   [3/10] DEP1032: acc=0.5694
2026-04-10 10:18:45,948 | INFO |   [4/10] HC1003: acc=0.7222
2026-04-10 10:19:11,535 | INFO |   [5/10] HC1011: acc=0.6111
2026-04-10 10:19:37,027 | INFO |   [6/10] HC1014: acc=0.5139
2026-04-10 10:20:02,241 | INFO |   [7/10] HC1017: acc=0.7917
2026-04-10 10:20:28,121 | INFO |   [8/10] HC1025: acc=0.8194
2026-04-10 10:20:54,267 | INFO |   [9/10] HC1035: acc=0.6389
2026-04-10 10:21:19,667 | INFO |   [10/10] HC1054: acc=0.4028
2026-04-10 10:21:19,668 | INFO | 
============================================================
2026-04-10 10:21:19,668 | INFO | Model: DGCNN
2026-04-10 10:21:19,668 | INFO | LOSO Mean Accuracy: 0.6083 (60.83%)
2026-04-10 10:21:19,669 | INFO | LOSO Std: 0.1286
2026-04-10 10:21:19,669 | INFO | ============================================================
2026-04-10 10:21:19,803 | INFO | ============================================================
2026-04-10 10:21:19,803 | INFO | Starting LOSO evaluation for: EEG-Conformer
2026-04-10 10:21:19,803 | INFO | ============================================================
2026-04-10 10:21:28,865 | INFO | Loaded 4320 windows from 60 subjects
2026-04-10 10:21:28,867 | INFO | Stratified LOSO: 10 subjects (7 HC + 3 DEP) out of 60 total
2026-04-10 10:21:28,867 | INFO | Eval subjects: ['DEP1003', 'DEP1030', 'DEP1032', 'HC1003', 'HC1011', 'HC1014', 'HC1017', 'HC1025', 'HC1035', 'HC1054']
2026-04-10 10:28:26,423 | INFO |   [1/10] DEP1003: acc=0.4861
2026-04-10 10:35:29,234 | INFO |   [2/10] DEP1030: acc=0.5000
2026-04-10 10:42:17,650 | INFO |   [3/10] DEP1032: acc=0.5556
2026-04-10 10:48:57,730 | INFO |   [4/10] HC1003: acc=0.5000
2026-04-10 10:55:40,398 | INFO |   [5/10] HC1011: acc=0.6389
2026-04-10 11:02:23,230 | INFO |   [6/10] HC1014: acc=0.4583
2026-04-10 11:08:50,885 | INFO |   [7/10] HC1017: acc=0.6944
2026-04-10 11:15:16,666 | INFO |   [8/10] HC1025: acc=0.5694
2026-04-10 11:21:45,210 | INFO |   [9/10] HC1035: acc=0.7222
2026-04-10 11:27:27,163 | INFO |   [10/10] HC1054: acc=0.5278
2026-04-10 11:27:27,164 | INFO | 
============================================================
2026-04-10 11:27:27,164 | INFO | Model: EEG-Conformer
2026-04-10 11:27:27,164 | INFO | LOSO Mean Accuracy: 0.5653 (56.53%)
2026-04-10 11:27:27,164 | INFO | LOSO Std: 0.0863
2026-04-10 11:27:27,164 | INFO | ============================================================
2026-04-10 11:27:27,398 | INFO | 
============================================================
2026-04-10 11:27:27,398 | INFO | WITH CORAL
2026-04-10 11:27:27,398 | INFO | ============================================================
2026-04-10 11:27:27,402 | INFO | ============================================================
2026-04-10 11:27:27,402 | INFO | Starting LOSO evaluation for: SVM_DE
2026-04-10 11:27:27,402 | INFO | ============================================================
2026-04-10 11:27:35,005 | INFO | Loaded 4320 windows from 60 subjects
2026-04-10 11:31:51,034 | INFO | DE features shape: (4320, 120)
2026-04-10 11:31:51,036 | INFO | Stratified LOSO: 10 subjects (7 HC + 3 DEP) out of 60 total
2026-04-10 11:31:51,036 | INFO | Eval subjects: ['DEP1003', 'DEP1030', 'DEP1032', 'HC1003', 'HC1011', 'HC1014', 'HC1017', 'HC1025', 'HC1035', 'HC1054']
2026-04-10 11:31:57,322 | INFO |   [1/10] DEP1003: acc=0.5000
2026-04-10 11:32:03,708 | INFO |   [2/10] DEP1030: acc=0.5000
2026-04-10 11:32:09,921 | INFO |   [3/10] DEP1032: acc=0.5000
2026-04-10 11:32:16,086 | INFO |   [4/10] HC1003: acc=0.5000
2026-04-10 11:32:22,030 | INFO |   [5/10] HC1011: acc=0.5000
2026-04-10 11:32:28,296 | INFO |   [6/10] HC1014: acc=0.5000
2026-04-10 11:32:34,337 | INFO |   [7/10] HC1017: acc=0.5000
2026-04-10 11:32:40,513 | INFO |   [8/10] HC1025: acc=0.5000
2026-04-10 11:32:46,390 | INFO |   [9/10] HC1035: acc=0.5000
2026-04-10 11:32:52,460 | INFO |   [10/10] HC1054: acc=0.5000
2026-04-10 11:32:52,461 | INFO | 
============================================================
2026-04-10 11:32:52,461 | INFO | Model: SVM_DE
2026-04-10 11:32:52,461 | INFO | LOSO Mean Accuracy: 0.5000 (50.00%)
2026-04-10 11:32:52,461 | INFO | LOSO Std: 0.0000
2026-04-10 11:32:52,461 | INFO | ============================================================
2026-04-10 11:32:52,537 | INFO | ============================================================
2026-04-10 11:32:52,538 | INFO | Starting LOSO evaluation for: DGCNN
2026-04-10 11:32:52,538 | INFO | ============================================================
2026-04-10 11:33:00,124 | INFO | Loaded 4320 windows from 60 subjects
2026-04-10 11:37:16,079 | INFO | DE features shape: (4320, 120)
2026-04-10 11:37:16,080 | INFO | Stratified LOSO: 10 subjects (7 HC + 3 DEP) out of 60 total
2026-04-10 11:37:16,080 | INFO | Eval subjects: ['DEP1003', 'DEP1030', 'DEP1032', 'HC1003', 'HC1011', 'HC1014', 'HC1017', 'HC1025', 'HC1035', 'HC1054']
2026-04-10 11:37:35,610 | INFO |   [1/10] DEP1003: acc=0.5000
2026-04-10 11:37:54,712 | INFO |   [2/10] DEP1030: acc=0.5000
2026-04-10 11:38:13,595 | INFO |   [3/10] DEP1032: acc=0.5000
2026-04-10 11:38:32,366 | INFO |   [4/10] HC1003: acc=0.5000
2026-04-10 11:38:51,181 | INFO |   [5/10] HC1011: acc=0.4722
2026-04-10 11:39:09,935 | INFO |   [6/10] HC1014: acc=0.5000
2026-04-10 11:39:28,817 | INFO |   [7/10] HC1017: acc=0.5000
2026-04-10 11:39:47,721 | INFO |   [8/10] HC1025: acc=0.4583
2026-04-10 11:40:06,630 | INFO |   [9/10] HC1035: acc=0.5000
2026-04-10 11:40:25,483 | INFO |   [10/10] HC1054: acc=0.5000
2026-04-10 11:40:25,483 | INFO | 
============================================================
2026-04-10 11:40:25,483 | INFO | Model: DGCNN
2026-04-10 11:40:25,483 | INFO | LOSO Mean Accuracy: 0.4931 (49.31%)
2026-04-10 11:40:25,483 | INFO | LOSO Std: 0.0142
2026-04-10 11:40:25,483 | INFO | ============================================================
2026-04-10 11:40:25,607 | INFO | 
============================================================
2026-04-10 11:40:25,607 | INFO | CORAL COMPARISON
2026-04-10 11:40:25,607 | INFO | ============================================================
2026-04-10 11:40:25,607 | INFO |   SVM (no CORAL)                : 0.6583 (65.83%)
2026-04-10 11:40:25,607 | INFO |   DGCNN (no CORAL)              : 0.6083 (60.83%)
2026-04-10 11:40:25,607 | INFO |   Conformer (no CORAL)          : 0.5653 (56.53%)
2026-04-10 11:40:25,607 | INFO |   SVM (with CORAL)              : 0.5000 (50.00%)
2026-04-10 11:40:25,607 | INFO |   DGCNN (with CORAL)            : 0.4931 (49.31%)
2026-04-10 11:40:25,607 | INFO |   Conformer (with CORAL)        : N/A (raw EEG)
2026-04-10 11:40:25,607 | INFO | 
============================================================
2026-04-10 11:40:25,608 | INFO |   SVM delta:      -0.1583
2026-04-10 11:40:25,608 | INFO |   DGCNN delta:    -0.1153
2026-04-10 11:40:25,608 | INFO | ============================================================
