2026-04-09 17:34:55,934 | INFO | Loading training data...
2026-04-09 17:35:05,493 | INFO | Data: (4320, 30, 2500)
2026-04-09 17:35:05,493 | INFO | Extracting DE features...
2026-04-09 17:41:12,271 | INFO | DE features: (4320, 120)
2026-04-09 17:41:12,271 | INFO | 
============================================================
2026-04-09 17:41:12,271 | INFO | PHASE 2: DGCNN
2026-04-09 17:41:12,272 | INFO | ============================================================
2026-04-09 17:41:12,273 | INFO | ============================================================
2026-04-09 17:41:12,273 | INFO | Starting LOSO evaluation for: DGCNN
2026-04-09 17:41:12,274 | INFO | ============================================================
2026-04-09 17:41:20,673 | INFO | Loaded 4320 windows from 60 subjects
2026-04-09 17:46:35,241 | INFO | DE features shape: (4320, 120)
2026-04-09 17:53:38,547 | INFO |   [10/60] DEP1022: acc=0.6111
2026-04-09 18:00:26,271 | INFO |   [20/60] DEP1034: acc=0.3889
2026-04-09 19:15:06,074 | INFO |   [30/60] HC1016: acc=0.6389
2026-04-09 19:22:37,366 | INFO |   [40/60] HC1029: acc=0.6806
2026-04-09 19:28:32,549 | INFO |   [50/60] HC1047: acc=0.5278
2026-04-09 19:35:36,964 | INFO |   [60/60] HC1068: acc=0.4722
2026-04-09 19:35:36,964 | INFO | 
============================================================
2026-04-09 19:35:36,964 | INFO | Model: DGCNN
2026-04-09 19:35:36,965 | INFO | LOSO Mean Accuracy: 0.5632 (56.32%)
2026-04-09 19:35:36,965 | INFO | LOSO Std: 0.1149
2026-04-09 19:35:36,965 | INFO | ============================================================
2026-04-09 19:36:01,403 | INFO | DGCNN LOSO Acc: 0.5632 (56.32%)
2026-04-09 19:36:01,403 | INFO | 
Generating submission...
2026-04-09 19:36:02,637 | INFO |   P_test1: [0 0 0 0 0 0 1 0] (trials 1-8)
2026-04-09 19:36:03,353 | INFO |   P_test10: [1 1 0 1 1 1 0 1] (trials 1-8)
2026-04-09 19:36:04,110 | INFO |   P_test2: [0 0 0 1 1 0 0 1] (trials 1-8)
2026-04-09 19:36:04,856 | INFO |   P_test3: [0 0 0 1 0 0 0 1] (trials 1-8)
2026-04-09 19:36:05,573 | INFO |   P_test4: [0 0 1 1 1 0 1 0] (trials 1-8)
2026-04-09 19:36:06,301 | INFO |   P_test5: [0 0 0 1 0 0 0 0] (trials 1-8)
2026-04-09 19:36:07,064 | INFO |   P_test6: [0 0 0 1 0 0 1 0] (trials 1-8)
2026-04-09 19:36:07,791 | INFO |   P_test7: [0 1 1 0 1 1 1 1] (trials 1-8)
2026-04-09 19:36:08,482 | INFO |   P_test8: [0 0 0 0 0 0 0 0] (trials 1-8)
2026-04-09 19:36:09,232 | INFO |   P_test9: [0 0 0 1 0 1 0 1] (trials 1-8)
2026-04-09 19:36:09,262 | INFO | 
Deep learning complete! Total time: 7269.1s
