2026-04-09 19:11:42,865 | INFO | Loading training data...
2026-04-09 19:11:52,765 | INFO | Data: (4320, 30, 2500)
2026-04-09 19:11:52,766 | INFO | Extracting DE features...
2026-04-09 19:20:32,097 | INFO | DE features: (4320, 120)
2026-04-09 19:20:32,098 | INFO | 
============================================================
2026-04-09 19:20:32,098 | INFO | PHASE 2: DGCNN
2026-04-09 19:20:32,098 | INFO | ============================================================
2026-04-09 19:20:32,101 | INFO | ============================================================
2026-04-09 19:20:32,101 | INFO | Starting LOSO evaluation for: DGCNN
2026-04-09 19:20:32,101 | INFO | ============================================================
2026-04-09 19:20:43,298 | INFO | Loaded 4320 windows from 60 subjects
2026-04-09 19:27:31,492 | INFO | DE features shape: (4320, 120)
2026-04-09 19:27:31,494 | INFO | Stratified LOSO: 10 subjects (7 HC + 3 DEP) out of 60 total
2026-04-09 19:27:31,495 | INFO | Eval subjects: ['DEP1003', 'DEP1030', 'DEP1032', 'HC1003', 'HC1011', 'HC1014', 'HC1017', 'HC1025', 'HC1035', 'HC1054']
2026-04-09 19:28:19,669 | INFO |   [1/10] DEP1003: acc=0.5139
2026-04-09 19:29:03,987 | INFO |   [2/10] DEP1030: acc=0.5000
2026-04-09 19:29:48,452 | INFO |   [3/10] DEP1032: acc=0.5694
2026-04-09 19:30:32,909 | INFO |   [4/10] HC1003: acc=0.7222
2026-04-09 19:31:17,713 | INFO |   [5/10] HC1011: acc=0.6111
2026-04-09 19:32:02,269 | INFO |   [6/10] HC1014: acc=0.5139
2026-04-09 19:32:46,846 | INFO |   [7/10] HC1017: acc=0.7917
2026-04-09 19:33:31,308 | INFO |   [8/10] HC1025: acc=0.8194
2026-04-09 19:34:15,931 | INFO |   [9/10] HC1035: acc=0.6389
2026-04-09 19:34:55,191 | INFO |   [10/10] HC1054: acc=0.4028
2026-04-09 19:34:55,191 | INFO | 
============================================================
2026-04-09 19:34:55,191 | INFO | Model: DGCNN
2026-04-09 19:34:55,191 | INFO | LOSO Mean Accuracy: 0.6083 (60.83%)
2026-04-09 19:34:55,191 | INFO | LOSO Std: 0.1286
2026-04-09 19:34:55,192 | INFO | ============================================================
2026-04-09 19:35:30,019 | INFO | DGCNN LOSO Acc: 0.6083 (60.83%)
2026-04-09 19:35:30,019 | INFO | 
Generating submission...
2026-04-09 19:35:31,333 | INFO |   P_test1: [0 0 0 0 0 0 1 0] (trials 1-8)
2026-04-09 19:35:32,200 | INFO |   P_test10: [1 1 0 1 1 1 0 1] (trials 1-8)
2026-04-09 19:35:32,986 | INFO |   P_test2: [0 0 0 1 1 1 0 0] (trials 1-8)
2026-04-09 19:35:33,769 | INFO |   P_test3: [0 0 0 1 0 0 0 0] (trials 1-8)
2026-04-09 19:35:34,582 | INFO |   P_test4: [0 0 1 1 1 1 1 0] (trials 1-8)
2026-04-09 19:35:35,378 | INFO |   P_test5: [0 0 0 1 0 0 0 0] (trials 1-8)
2026-04-09 19:35:36,172 | INFO |   P_test6: [0 0 0 0 0 0 1 0] (trials 1-8)
2026-04-09 19:35:36,921 | INFO |   P_test7: [1 1 1 0 1 1 1 1] (trials 1-8)
2026-04-09 19:35:37,713 | INFO |   P_test8: [1 1 0 0 1 0 1 1] (trials 1-8)
2026-04-09 19:35:38,514 | INFO |   P_test9: [0 1 0 1 0 1 0 0] (trials 1-8)
2026-04-09 19:35:38,542 | INFO | 
Deep learning complete! Total time: 1431.3s
