2026-04-11 16:31:15,715 | INFO | Strict multiscale SVM: scales=[5, 10], feature_sets=['enhanced', 'riemannian']
2026-04-11 16:31:15,715 | INFO | ============================================================
2026-04-11 16:31:15,716 | INFO | Training member: scale=5s, feature_set=enhanced, C=0.1, gamma=scale
2026-04-11 16:31:26,072 | INFO | Scale 5s raw windows: (9120, 30, 1250)
2026-04-11 17:08:46,706 | INFO | Scale 5s enhanced features: (9120, 570)
2026-04-11 17:11:20,478 | INFO |   [1/10] DEP1003: acc=0.5329
2026-04-11 17:14:11,276 | INFO |   [2/10] DEP1030: acc=0.4934
2026-04-11 17:17:00,734 | INFO |   [3/10] DEP1032: acc=0.7105
2026-04-11 17:19:18,064 | INFO |   [4/10] HC1003: acc=0.5197
2026-04-11 17:21:36,618 | INFO |   [5/10] HC1011: acc=0.6908
2026-04-11 17:23:57,621 | INFO |   [6/10] HC1014: acc=0.5000
2026-04-11 17:26:19,146 | INFO |   [7/10] HC1017: acc=0.9474
2026-04-11 17:28:37,896 | INFO |   [8/10] HC1025: acc=0.7500
2026-04-11 17:30:57,765 | INFO |   [9/10] HC1035: acc=0.7632
2026-04-11 17:33:17,383 | INFO |   [10/10] HC1054: acc=0.5987
2026-04-11 17:33:17,384 | INFO | LOSO Mean Accuracy: 0.6507 (65.07%), std=0.1403
2026-04-11 17:35:39,856 | INFO | ============================================================
2026-04-11 17:35:39,857 | INFO | Training member: scale=5s, feature_set=riemannian, C=0.1, gamma=scale
2026-04-11 17:35:49,057 | INFO | Scale 5s raw windows: (9120, 30, 1250)
2026-04-11 17:45:21,413 | INFO | Scale 5s riemannian features: (9120, 1860)
2026-04-11 17:51:41,241 | INFO |   [1/10] DEP1003: acc=0.4868
2026-04-11 17:58:14,351 | INFO |   [2/10] DEP1030: acc=0.5000
2026-04-11 18:04:44,383 | INFO |   [3/10] DEP1032: acc=0.5000
2026-04-11 18:11:13,437 | INFO |   [4/10] HC1003: acc=0.4013
2026-04-11 18:17:47,680 | INFO |   [5/10] HC1011: acc=0.7105
2026-04-11 18:24:18,292 | INFO |   [6/10] HC1014: acc=0.5000
2026-04-11 18:30:55,728 | INFO |   [7/10] HC1017: acc=0.9671
2026-04-11 18:37:36,040 | INFO |   [8/10] HC1025: acc=0.6118
2026-04-11 18:45:47,790 | INFO |   [9/10] HC1035: acc=0.5789
2026-04-11 18:53:54,117 | INFO |   [10/10] HC1054: acc=0.6974
2026-04-11 18:53:54,118 | INFO | LOSO Mean Accuracy: 0.5954 (59.54%), std=0.1546
2026-04-11 19:01:46,986 | INFO | ============================================================
2026-04-11 19:01:46,986 | INFO | Training member: scale=10s, feature_set=enhanced, C=0.1, gamma=scale
2026-04-11 19:01:56,613 | INFO | Scale 10s raw windows: (4320, 30, 2500)
2026-04-11 19:29:23,251 | INFO | Scale 10s enhanced features: (4320, 570)
2026-04-11 19:29:58,505 | INFO |   [1/10] DEP1003: acc=0.5000
2026-04-11 19:30:33,311 | INFO |   [2/10] DEP1030: acc=0.5000
2026-04-11 19:31:08,331 | INFO |   [3/10] DEP1032: acc=0.6806
2026-04-11 19:31:43,014 | INFO |   [4/10] HC1003: acc=0.5139
2026-04-11 19:32:22,841 | INFO |   [5/10] HC1011: acc=0.7222
2026-04-11 19:33:01,586 | INFO |   [6/10] HC1014: acc=0.5278
2026-04-11 19:33:40,621 | INFO |   [7/10] HC1017: acc=0.9861
2026-04-11 19:34:20,336 | INFO |   [8/10] HC1025: acc=0.8056
2026-04-11 19:35:00,089 | INFO |   [9/10] HC1035: acc=0.8056
2026-04-11 19:35:38,713 | INFO |   [10/10] HC1054: acc=0.6250
2026-04-11 19:35:38,714 | INFO | LOSO Mean Accuracy: 0.6667 (66.67%), std=0.1561
2026-04-11 19:36:17,712 | INFO | ============================================================
2026-04-11 19:36:17,712 | INFO | Training member: scale=10s, feature_set=riemannian, C=0.1, gamma=scale
2026-04-11 19:36:27,605 | INFO | Scale 10s raw windows: (4320, 30, 2500)
2026-04-11 19:42:55,679 | INFO | Scale 10s riemannian features: (4320, 1860)
2026-04-11 19:44:23,031 | INFO |   [1/10] DEP1003: acc=0.5278
2026-04-11 19:45:56,835 | INFO |   [2/10] DEP1030: acc=0.5000
2026-04-11 19:47:38,908 | INFO |   [3/10] DEP1032: acc=0.5000
2026-04-11 19:49:17,933 | INFO |   [4/10] HC1003: acc=0.4306
2026-04-11 19:51:03,083 | INFO |   [5/10] HC1011: acc=0.6806
2026-04-11 19:52:43,097 | INFO |   [6/10] HC1014: acc=0.5000
2026-04-11 19:54:25,420 | INFO |   [7/10] HC1017: acc=0.9861
2026-04-11 19:56:08,604 | INFO |   [8/10] HC1025: acc=0.5694
2026-04-11 19:57:54,532 | INFO |   [9/10] HC1035: acc=0.5139
2026-04-11 19:59:53,322 | INFO |   [10/10] HC1054: acc=0.7361
2026-04-11 19:59:53,324 | INFO | LOSO Mean Accuracy: 0.5944 (59.44%), std=0.1569
2026-04-11 20:02:02,085 | INFO | P_test1: multiscale=[0 0 0 0 0 0 0 0]
2026-04-11 20:02:12,459 | INFO | P_test10: multiscale=[1 1 1 1 0 1 1 1]
2026-04-11 20:02:22,868 | INFO | P_test2: multiscale=[1 1 1 1 1 1 1 0]
2026-04-11 20:02:33,422 | INFO | P_test3: multiscale=[0 0 0 0 0 1 0 0]
2026-04-11 20:02:43,547 | INFO | P_test4: multiscale=[0 1 1 1 1 1 1 1]
2026-04-11 20:02:53,903 | INFO | P_test5: multiscale=[0 0 0 1 0 0 0 0]
2026-04-11 20:03:04,928 | INFO | P_test6: multiscale=[1 0 0 0 0 0 0 0]
2026-04-11 20:03:14,774 | INFO | P_test7: multiscale=[1 1 1 0 1 1 1 1]
2026-04-11 20:03:25,245 | INFO | P_test8: multiscale=[1 0 0 0 0 0 0 0]
2026-04-11 20:03:35,736 | INFO | P_test9: multiscale=[1 1 1 1 0 1 0 1]
2026-04-11 20:03:35,824 | INFO | Multiscale SVM complete in 213.5 min
