2026-04-09 17:33:54,182 | INFO | Loading training data...
2026-04-09 17:34:04,543 | INFO | Data: (4320, 30, 2500)
2026-04-09 17:34:04,545 | INFO | Extracting DE features...
2026-04-09 17:40:13,145 | INFO | DE features: (4320, 120)
2026-04-09 17:40:13,145 | INFO | 
============================================================
2026-04-09 17:40:13,145 | INFO | PHASE 2: DGCNN
2026-04-09 17:40:13,145 | INFO | ============================================================
2026-04-09 17:40:13,153 | INFO | ============================================================
2026-04-09 17:40:13,154 | INFO | Starting LOSO evaluation for: DGCNN
2026-04-09 17:40:13,154 | INFO | ============================================================
2026-04-09 17:40:23,797 | INFO | Loaded 4320 windows from 60 subjects
2026-04-09 17:45:16,831 | INFO | DE features shape: (4320, 120)
2026-04-09 17:51:44,587 | INFO |   [10/60] DEP1022: acc=0.6111
2026-04-09 17:58:33,231 | INFO |   [20/60] DEP1034: acc=0.3889
2026-04-09 19:13:30,107 | INFO |   [30/60] HC1016: acc=0.6389
2026-04-09 19:21:01,732 | INFO |   [40/60] HC1029: acc=0.6806
2026-04-09 19:26:44,889 | INFO |   [50/60] HC1047: acc=0.5278
2026-04-09 19:33:53,043 | INFO |   [60/60] HC1068: acc=0.4722
2026-04-09 19:33:53,044 | INFO | 
============================================================
2026-04-09 19:33:53,044 | INFO | Model: DGCNN
2026-04-09 19:33:53,044 | INFO | LOSO Mean Accuracy: 0.5632 (56.32%)
2026-04-09 19:33:53,044 | INFO | LOSO Std: 0.1149
2026-04-09 19:33:53,045 | INFO | ============================================================
2026-04-09 19:34:37,789 | INFO | DGCNN LOSO Acc: 0.5632 (56.32%)
2026-04-09 19:34:37,789 | INFO | 
Generating submission...
2026-04-09 19:34:39,079 | INFO |   P_test1: [0 0 0 0 0 0 1 0] (trials 1-8)
2026-04-09 19:34:39,854 | INFO |   P_test10: [1 1 0 1 1 1 0 1] (trials 1-8)
2026-04-09 19:34:40,662 | INFO |   P_test2: [0 0 0 1 1 0 0 1] (trials 1-8)
2026-04-09 19:34:41,417 | INFO |   P_test3: [0 0 0 1 0 0 0 1] (trials 1-8)
2026-04-09 19:34:42,174 | INFO |   P_test4: [0 0 1 1 1 0 1 0] (trials 1-8)
2026-04-09 19:34:42,941 | INFO |   P_test5: [0 0 0 1 0 0 0 0] (trials 1-8)
2026-04-09 19:34:43,702 | INFO |   P_test6: [0 0 0 1 0 0 1 0] (trials 1-8)
2026-04-09 19:34:44,427 | INFO |   P_test7: [0 1 1 0 1 1 1 1] (trials 1-8)
2026-04-09 19:34:45,211 | INFO |   P_test8: [0 0 0 0 0 0 0 0] (trials 1-8)
2026-04-09 19:34:45,985 | INFO |   P_test9: [0 0 0 1 0 1 0 1] (trials 1-8)
2026-04-09 19:34:46,018 | INFO | 
Deep learning complete! Total time: 7247.7s
