2026-04-09 20:02:17,985 | INFO | Loading training data...
2026-04-09 20:02:27,394 | INFO | Data: (4320, 30, 2500)
2026-04-09 20:02:27,395 | INFO | Extracting DE features...
2026-04-09 20:07:58,203 | INFO | DE features: (4320, 120)
2026-04-09 20:07:58,203 | INFO | 
============================================================
2026-04-09 20:07:58,204 | INFO | PHASE 3: EEG-Conformer
2026-04-09 20:07:58,204 | INFO | ============================================================
2026-04-09 20:07:58,208 | INFO | ============================================================
2026-04-09 20:07:58,209 | INFO | Starting LOSO evaluation for: EEG-Conformer
2026-04-09 20:07:58,210 | INFO | ============================================================
2026-04-09 20:08:07,727 | INFO | Loaded 4320 windows from 60 subjects
2026-04-09 20:08:07,729 | INFO | Stratified LOSO: 10 subjects (7 HC + 3 DEP) out of 60 total
2026-04-09 20:08:07,729 | INFO | Eval subjects: ['DEP1003', 'DEP1030', 'DEP1032', 'HC1003', 'HC1011', 'HC1014', 'HC1017', 'HC1025', 'HC1035', 'HC1054']
2026-04-09 20:13:51,501 | INFO |   [1/10] DEP1003: acc=0.6806
2026-04-09 20:19:31,695 | INFO |   [2/10] DEP1030: acc=0.5417
2026-04-09 20:25:19,897 | INFO |   [3/10] DEP1032: acc=0.4583
2026-04-09 20:31:35,604 | INFO |   [4/10] HC1003: acc=0.5694
2026-04-09 20:37:55,491 | INFO |   [5/10] HC1011: acc=0.6528
2026-04-09 20:43:41,553 | INFO |   [6/10] HC1014: acc=0.5000
2026-04-09 20:50:09,326 | INFO |   [7/10] HC1017: acc=0.7639
2026-04-09 20:55:53,958 | INFO |   [8/10] HC1025: acc=0.4861
2026-04-09 21:01:37,859 | INFO |   [9/10] HC1035: acc=0.7917
2026-04-09 21:08:11,113 | INFO |   [10/10] HC1054: acc=0.5000
2026-04-09 21:08:11,113 | INFO | 
============================================================
2026-04-09 21:08:11,114 | INFO | Model: EEG-Conformer
2026-04-09 21:08:11,114 | INFO | LOSO Mean Accuracy: 0.5944 (59.44%)
2026-04-09 21:08:11,114 | INFO | LOSO Std: 0.1140
2026-04-09 21:08:11,114 | INFO | ============================================================
2026-04-09 21:14:47,538 | INFO | EEG-Conformer LOSO Acc: 0.5944 (59.44%)
2026-04-09 21:14:47,538 | INFO | 
Generating submission...
