2026-04-09 16:44:34,834 | INFO | ============================================================
2026-04-09 16:44:34,835 | INFO | PHASE 1: SVM Baseline with DE Features
2026-04-09 16:44:34,835 | INFO | ============================================================
2026-04-09 16:44:34,835 | INFO | Loading training data...
2026-04-09 16:44:44,264 | INFO | Data: (4320, 30, 2500), labels: (4320,)
2026-04-09 16:44:44,264 | INFO | Extracting DE features...
2026-04-09 16:50:11,865 | INFO | DE features: (4320, 120)
2026-04-09 16:50:11,866 | INFO | ============================================================
2026-04-09 16:50:11,866 | INFO | Starting LOSO evaluation for: SVM_DE
2026-04-09 16:50:11,866 | INFO | ============================================================
2026-04-09 16:50:20,469 | INFO | Loaded 4320 windows from 60 subjects
2026-04-09 16:55:43,737 | INFO | DE features shape: (4320, 120)
2026-04-09 16:56:43,871 | INFO |   [10/60] DEP1022: acc=0.6667
2026-04-09 16:57:43,820 | INFO |   [20/60] DEP1034: acc=0.5556
2026-04-09 16:58:45,162 | INFO |   [30/60] HC1016: acc=0.7083
2026-04-09 16:59:44,781 | INFO |   [40/60] HC1029: acc=0.8194
2026-04-09 17:00:44,861 | INFO |   [50/60] HC1047: acc=0.5833
2026-04-09 17:01:47,199 | INFO |   [60/60] HC1068: acc=0.5139
2026-04-09 17:01:47,199 | INFO | 
============================================================
2026-04-09 17:01:47,199 | INFO | Model: SVM_DE
2026-04-09 17:01:47,199 | INFO | LOSO Mean Accuracy: 0.6259 (62.59%)
2026-04-09 17:01:47,199 | INFO | LOSO Std: 0.1194
2026-04-09 17:01:47,199 | INFO | ============================================================
2026-04-09 17:01:47,460 | INFO | 
Run summary saved to: outputs/logs\summary_20260409_170147.txt
2026-04-09 17:01:47,461 | INFO | Total time: 1032.6s
2026-04-09 17:01:47,461 | INFO | 
Generating submission...
2026-04-09 17:01:54,490 | INFO |   P_test1: [0 0 0 0 0 0 1 0] (trials 1-8)
2026-04-09 17:01:55,119 | INFO |   P_test10: [0 1 1 0 0 1 1 1] (trials 1-8)
2026-04-09 17:01:55,715 | INFO |   P_test2: [1 1 1 1 1 1 1 1] (trials 1-8)
2026-04-09 17:01:56,349 | INFO |   P_test3: [1 1 1 0 1 1 0 1] (trials 1-8)
2026-04-09 17:01:57,015 | INFO |   P_test4: [1 1 1 1 1 1 1 1] (trials 1-8)
2026-04-09 17:01:57,645 | INFO |   P_test5: [1 0 0 1 0 0 1 0] (trials 1-8)
2026-04-09 17:01:58,241 | INFO |   P_test6: [1 0 0 0 0 0 0 1] (trials 1-8)
2026-04-09 17:01:58,865 | INFO |   P_test7: [1 0 0 0 0 0 1 1] (trials 1-8)
2026-04-09 17:01:59,485 | INFO |   P_test8: [1 1 1 0 1 0 0 1] (trials 1-8)
2026-04-09 17:02:00,092 | INFO |   P_test9: [1 1 1 1 0 1 0 1] (trials 1-8)
2026-04-09 17:02:00,112 | INFO | 
Baseline complete!
