2026-04-11 16:33:17,640 | INFO | Strict multiscale SVM: scales=[5, 10], feature_sets=['enhanced', 'riemannian']
2026-04-11 16:33:17,641 | INFO | ============================================================
2026-04-11 16:33:17,641 | INFO | Training member: scale=5s, feature_set=enhanced, C=0.1, gamma=scale
2026-04-11 16:33:26,666 | INFO | Scale 5s raw windows: (9120, 30, 1250)
2026-04-11 17:11:18,097 | INFO | Scale 5s enhanced features: (9120, 570)
2026-04-11 17:14:27,908 | INFO |   [1/10] DEP1003: acc=0.5329
2026-04-11 17:17:23,080 | INFO |   [2/10] DEP1030: acc=0.4934
2026-04-11 17:19:40,539 | INFO |   [3/10] DEP1032: acc=0.7105
2026-04-11 17:21:58,194 | INFO |   [4/10] HC1003: acc=0.5197
2026-04-11 17:24:19,224 | INFO |   [5/10] HC1011: acc=0.6908
2026-04-11 17:26:38,672 | INFO |   [6/10] HC1014: acc=0.5000
2026-04-11 17:28:57,981 | INFO |   [7/10] HC1017: acc=0.9474
2026-04-11 17:31:16,864 | INFO |   [8/10] HC1025: acc=0.7500
2026-04-11 17:33:36,687 | INFO |   [9/10] HC1035: acc=0.7632
2026-04-11 17:35:53,315 | INFO |   [10/10] HC1054: acc=0.5987
2026-04-11 17:35:53,317 | INFO | LOSO Mean Accuracy: 0.6507 (65.07%), std=0.1403
2026-04-11 17:38:04,858 | INFO | ============================================================
2026-04-11 17:38:04,859 | INFO | Training member: scale=5s, feature_set=riemannian, C=0.1, gamma=scale
2026-04-11 17:38:12,925 | INFO | Scale 5s raw windows: (9120, 30, 1250)
2026-04-11 17:47:54,442 | INFO | Scale 5s riemannian features: (9120, 1860)
2026-04-11 17:54:25,124 | INFO |   [1/10] DEP1003: acc=0.4868
2026-04-11 18:00:47,068 | INFO |   [2/10] DEP1030: acc=0.5000
2026-04-11 18:07:13,639 | INFO |   [3/10] DEP1032: acc=0.5000
2026-04-11 18:13:43,521 | INFO |   [4/10] HC1003: acc=0.4013
2026-04-11 18:20:15,369 | INFO |   [5/10] HC1011: acc=0.7105
2026-04-11 18:26:47,676 | INFO |   [6/10] HC1014: acc=0.5000
2026-04-11 18:33:23,596 | INFO |   [7/10] HC1017: acc=0.9671
2026-04-11 18:40:31,405 | INFO |   [8/10] HC1025: acc=0.6118
2026-04-11 18:48:43,668 | INFO |   [9/10] HC1035: acc=0.5789
2026-04-11 18:56:27,887 | INFO |   [10/10] HC1054: acc=0.6974
2026-04-11 18:56:27,889 | INFO | LOSO Mean Accuracy: 0.5954 (59.54%), std=0.1546
2026-04-11 19:03:59,203 | INFO | ============================================================
2026-04-11 19:03:59,203 | INFO | Training member: scale=10s, feature_set=enhanced, C=0.1, gamma=scale
2026-04-11 19:04:07,941 | INFO | Scale 10s raw windows: (4320, 30, 2500)
2026-04-11 19:31:43,480 | INFO | Scale 10s enhanced features: (4320, 570)
2026-04-11 19:32:23,061 | INFO |   [1/10] DEP1003: acc=0.5000
2026-04-11 19:33:01,542 | INFO |   [2/10] DEP1030: acc=0.5000
2026-04-11 19:33:40,186 | INFO |   [3/10] DEP1032: acc=0.6806
2026-04-11 19:34:19,432 | INFO |   [4/10] HC1003: acc=0.5139
2026-04-11 19:34:59,226 | INFO |   [5/10] HC1011: acc=0.7222
2026-04-11 19:35:37,807 | INFO |   [6/10] HC1014: acc=0.5278
2026-04-11 19:36:15,587 | INFO |   [7/10] HC1017: acc=0.9861
2026-04-11 19:36:50,520 | INFO |   [8/10] HC1025: acc=0.8056
2026-04-11 19:37:24,228 | INFO |   [9/10] HC1035: acc=0.8056
2026-04-11 19:37:57,672 | INFO |   [10/10] HC1054: acc=0.6250
2026-04-11 19:37:57,674 | INFO | LOSO Mean Accuracy: 0.6667 (66.67%), std=0.1561
2026-04-11 19:38:32,695 | INFO | ============================================================
2026-04-11 19:38:32,695 | INFO | Training member: scale=10s, feature_set=riemannian, C=0.1, gamma=scale
2026-04-11 19:38:41,935 | INFO | Scale 10s raw windows: (4320, 30, 2500)
2026-04-11 19:45:08,522 | INFO | Scale 10s riemannian features: (4320, 1860)
2026-04-11 19:46:50,389 | INFO |   [1/10] DEP1003: acc=0.5278
2026-04-11 19:48:36,576 | INFO |   [2/10] DEP1030: acc=0.5000
2026-04-11 19:50:23,514 | INFO |   [3/10] DEP1032: acc=0.5000
2026-04-11 19:52:10,616 | INFO |   [4/10] HC1003: acc=0.4306
2026-04-11 19:53:51,318 | INFO |   [5/10] HC1011: acc=0.6806
2026-04-11 19:55:35,103 | INFO |   [6/10] HC1014: acc=0.5000
2026-04-11 19:57:18,421 | INFO |   [7/10] HC1017: acc=0.9861
2026-04-11 19:59:04,318 | INFO |   [8/10] HC1025: acc=0.5694
2026-04-11 20:00:49,140 | INFO |   [9/10] HC1035: acc=0.5139
2026-04-11 20:02:24,563 | INFO |   [10/10] HC1054: acc=0.7361
2026-04-11 20:02:24,564 | INFO | LOSO Mean Accuracy: 0.5944 (59.44%), std=0.1569
2026-04-11 20:04:00,459 | INFO | P_test1: multiscale=[0 0 0 0 0 0 0 0]
2026-04-11 20:04:08,814 | INFO | P_test10: multiscale=[1 1 1 1 0 1 1 1]
2026-04-11 20:04:17,244 | INFO | P_test2: multiscale=[1 1 1 1 1 1 1 0]
2026-04-11 20:04:26,824 | INFO | P_test3: multiscale=[0 0 0 0 0 1 0 0]
2026-04-11 20:04:35,541 | INFO | P_test4: multiscale=[0 1 1 1 1 1 1 1]
2026-04-11 20:04:44,146 | INFO | P_test5: multiscale=[0 0 0 1 0 0 0 0]
2026-04-11 20:04:52,675 | INFO | P_test6: multiscale=[1 0 0 0 0 0 0 0]
2026-04-11 20:05:01,023 | INFO | P_test7: multiscale=[1 1 1 0 1 1 1 1]
2026-04-11 20:05:09,726 | INFO | P_test8: multiscale=[1 0 0 0 0 0 0 0]
2026-04-11 20:05:18,618 | INFO | P_test9: multiscale=[1 1 1 1 0 1 0 1]
2026-04-11 20:05:18,677 | INFO | Multiscale SVM complete in 212.1 min
