2026-04-11 11:11:02,841 | INFO | Loading training data...
2026-04-11 11:11:11,752 | INFO | Raw windows: (4320, 30, 2500)
2026-04-11 11:11:11,753 | INFO | Extracting enhanced features for SVM...
2026-04-11 11:36:46,878 | INFO | SVM features: (4320, 570)
2026-04-11 11:36:46,879 | INFO | ============================================================
2026-04-11 11:36:46,879 | INFO | SVM grid: feature_set=enhanced, C=0.1, gamma=scale
2026-04-11 11:36:46,879 | INFO | Seed 42, n_eval_subjects=10
2026-04-11 11:37:13,897 | INFO |   [1/10] DEP1003: acc=0.5000
2026-04-11 11:37:39,952 | INFO |   [2/10] DEP1030: acc=0.5000
2026-04-11 11:38:05,233 | INFO |   [3/10] DEP1032: acc=0.6806
2026-04-11 11:38:30,854 | INFO |   [4/10] HC1003: acc=0.5139
2026-04-11 11:38:56,300 | INFO |   [5/10] HC1011: acc=0.7222
2026-04-11 11:39:21,743 | INFO |   [6/10] HC1014: acc=0.5278
2026-04-11 11:39:48,476 | INFO |   [7/10] HC1017: acc=0.9861
2026-04-11 11:40:14,206 | INFO |   [8/10] HC1025: acc=0.8056
2026-04-11 11:40:38,097 | INFO |   [9/10] HC1035: acc=0.8056
2026-04-11 11:41:02,033 | INFO |   [10/10] HC1054: acc=0.6250
2026-04-11 11:41:02,034 | INFO | LOSO Mean Accuracy: 0.6667 (66.67%), std=0.1561
2026-04-11 11:41:02,035 | INFO | SVM grid result: C=0.1, gamma=scale, mean=0.6667, std=0.0000
2026-04-11 11:41:02,035 | INFO | ============================================================
2026-04-11 11:41:02,035 | INFO | SVM grid: feature_set=enhanced, C=0.1, gamma=0.001
2026-04-11 11:41:02,035 | INFO | Seed 42, n_eval_subjects=10
2026-04-11 11:41:25,455 | INFO |   [1/10] DEP1003: acc=0.5000
2026-04-11 11:41:48,949 | INFO |   [2/10] DEP1030: acc=0.5000
2026-04-11 11:42:15,570 | INFO |   [3/10] DEP1032: acc=0.6806
2026-04-11 11:42:40,639 | INFO |   [4/10] HC1003: acc=0.5139
2026-04-11 11:43:05,412 | INFO |   [5/10] HC1011: acc=0.7222
2026-04-11 11:43:30,581 | INFO |   [6/10] HC1014: acc=0.5278
2026-04-11 11:43:57,462 | INFO |   [7/10] HC1017: acc=0.9861
2026-04-11 11:44:24,055 | INFO |   [8/10] HC1025: acc=0.7778
2026-04-11 11:44:50,750 | INFO |   [9/10] HC1035: acc=0.8056
2026-04-11 11:45:17,422 | INFO |   [10/10] HC1054: acc=0.6250
2026-04-11 11:45:17,422 | INFO | LOSO Mean Accuracy: 0.6639 (66.39%), std=0.1539
2026-04-11 11:45:17,423 | INFO | SVM grid result: C=0.1, gamma=0.001, mean=0.6639, std=0.0000
2026-04-11 11:45:17,423 | INFO | ============================================================
2026-04-11 11:45:17,424 | INFO | SVM grid: feature_set=enhanced, C=0.1, gamma=0.003
2026-04-11 11:45:17,424 | INFO | Seed 42, n_eval_subjects=10
2026-04-11 11:45:52,061 | INFO |   [1/10] DEP1003: acc=0.5000
2026-04-11 11:46:25,554 | INFO |   [2/10] DEP1030: acc=0.5000
2026-04-11 11:46:54,225 | INFO |   [3/10] DEP1032: acc=0.6944
2026-04-11 11:47:21,732 | INFO |   [4/10] HC1003: acc=0.5278
2026-04-11 11:47:47,142 | INFO |   [5/10] HC1011: acc=0.7222
2026-04-11 11:48:11,988 | INFO |   [6/10] HC1014: acc=0.5139
2026-04-11 11:48:37,404 | INFO |   [7/10] HC1017: acc=0.9722
2026-04-11 11:49:02,973 | INFO |   [8/10] HC1025: acc=0.8194
2026-04-11 11:49:29,528 | INFO |   [9/10] HC1035: acc=0.6806
2026-04-11 11:49:57,181 | INFO |   [10/10] HC1054: acc=0.5972
2026-04-11 11:49:57,182 | INFO | LOSO Mean Accuracy: 0.6528 (65.28%), std=0.1489
2026-04-11 11:49:57,184 | INFO | SVM grid result: C=0.1, gamma=0.003, mean=0.6528, std=0.0000
2026-04-11 11:49:57,185 | INFO | ============================================================
2026-04-11 11:49:57,185 | INFO | SVM grid: feature_set=enhanced, C=0.1, gamma=0.01
2026-04-11 11:49:57,185 | INFO | Seed 42, n_eval_subjects=10
2026-04-11 11:50:27,989 | INFO |   [1/10] DEP1003: acc=0.5000
2026-04-11 11:51:00,536 | INFO |   [2/10] DEP1030: acc=0.5000
2026-04-11 11:51:32,463 | INFO |   [3/10] DEP1032: acc=0.7222
2026-04-11 11:52:02,773 | INFO |   [4/10] HC1003: acc=0.5000
2026-04-11 11:52:31,367 | INFO |   [5/10] HC1011: acc=0.7083
2026-04-11 11:53:00,968 | INFO |   [6/10] HC1014: acc=0.4722
2026-04-11 11:53:30,590 | INFO |   [7/10] HC1017: acc=0.9028
2026-04-11 11:54:00,550 | INFO |   [8/10] HC1025: acc=0.7778
2026-04-11 11:54:35,713 | INFO |   [9/10] HC1035: acc=0.5000
2026-04-11 11:55:07,319 | INFO |   [10/10] HC1054: acc=0.5278
2026-04-11 11:55:07,319 | INFO | LOSO Mean Accuracy: 0.6111 (61.11%), std=0.1450
2026-04-11 11:55:07,324 | INFO | SVM grid result: C=0.1, gamma=0.01, mean=0.6111, std=0.0000
2026-04-11 11:55:07,324 | INFO | ============================================================
2026-04-11 11:55:07,324 | INFO | SVM grid: feature_set=enhanced, C=0.1, gamma=0.03
2026-04-11 11:55:07,324 | INFO | Seed 42, n_eval_subjects=10
2026-04-11 11:55:37,599 | INFO |   [1/10] DEP1003: acc=0.5000
2026-04-11 11:56:07,615 | INFO |   [2/10] DEP1030: acc=0.5000
2026-04-11 11:56:37,898 | INFO |   [3/10] DEP1032: acc=0.5000
2026-04-11 11:57:08,421 | INFO |   [4/10] HC1003: acc=0.5000
2026-04-11 11:57:38,166 | INFO |   [5/10] HC1011: acc=0.5000
2026-04-11 11:58:08,122 | INFO |   [6/10] HC1014: acc=0.5000
2026-04-11 11:58:36,838 | INFO |   [7/10] HC1017: acc=0.5000
2026-04-11 11:59:06,684 | INFO |   [8/10] HC1025: acc=0.5000
2026-04-11 11:59:35,874 | INFO |   [9/10] HC1035: acc=0.5000
2026-04-11 12:00:10,484 | INFO |   [10/10] HC1054: acc=0.5000
2026-04-11 12:00:10,484 | INFO | LOSO Mean Accuracy: 0.5000 (50.00%), std=0.0000
2026-04-11 12:00:10,488 | INFO | SVM grid result: C=0.1, gamma=0.03, mean=0.5000, std=0.0000
2026-04-11 12:00:10,488 | INFO | ============================================================
2026-04-11 12:00:10,488 | INFO | SVM grid: feature_set=enhanced, C=0.1, gamma=0.1
2026-04-11 12:00:10,488 | INFO | Seed 42, n_eval_subjects=10
2026-04-11 12:00:43,347 | INFO |   [1/10] DEP1003: acc=0.5000
2026-04-11 12:01:13,696 | INFO |   [2/10] DEP1030: acc=0.5000
2026-04-11 12:01:44,821 | INFO |   [3/10] DEP1032: acc=0.5000
2026-04-11 12:02:15,959 | INFO |   [4/10] HC1003: acc=0.5000
2026-04-11 12:02:47,132 | INFO |   [5/10] HC1011: acc=0.5000
2026-04-11 12:03:16,869 | INFO |   [6/10] HC1014: acc=0.5000
2026-04-11 12:03:46,327 | INFO |   [7/10] HC1017: acc=0.5000
2026-04-11 12:04:18,198 | INFO |   [8/10] HC1025: acc=0.5000
2026-04-11 12:04:49,064 | INFO |   [9/10] HC1035: acc=0.5000
2026-04-11 12:05:20,312 | INFO |   [10/10] HC1054: acc=0.5000
2026-04-11 12:05:20,312 | INFO | LOSO Mean Accuracy: 0.5000 (50.00%), std=0.0000
2026-04-11 12:05:20,314 | INFO | SVM grid result: C=0.1, gamma=0.1, mean=0.5000, std=0.0000
2026-04-11 12:05:20,314 | INFO | ============================================================
2026-04-11 12:05:20,314 | INFO | SVM grid: feature_set=enhanced, C=0.3, gamma=scale
2026-04-11 12:05:20,314 | INFO | Seed 42, n_eval_subjects=10
2026-04-11 12:05:44,435 | INFO |   [1/10] DEP1003: acc=0.5417
2026-04-11 12:06:08,880 | INFO |   [2/10] DEP1030: acc=0.5000
2026-04-11 12:06:33,988 | INFO |   [3/10] DEP1032: acc=0.6111
2026-04-11 12:06:58,654 | INFO |   [4/10] HC1003: acc=0.5417
2026-04-11 12:07:23,910 | INFO |   [5/10] HC1011: acc=0.7500
2026-04-11 12:07:49,088 | INFO |   [6/10] HC1014: acc=0.5000
2026-04-11 12:08:14,310 | INFO |   [7/10] HC1017: acc=0.9722
2026-04-11 12:08:40,126 | INFO |   [8/10] HC1025: acc=0.7222
2026-04-11 12:09:05,310 | INFO |   [9/10] HC1035: acc=0.7083
2026-04-11 12:09:29,262 | INFO |   [10/10] HC1054: acc=0.5694
2026-04-11 12:09:29,263 | INFO | LOSO Mean Accuracy: 0.6417 (64.17%), std=0.1408
2026-04-11 12:09:29,265 | INFO | SVM grid result: C=0.3, gamma=scale, mean=0.6417, std=0.0000
2026-04-11 12:09:29,265 | INFO | ============================================================
2026-04-11 12:09:29,265 | INFO | SVM grid: feature_set=enhanced, C=0.3, gamma=0.001
2026-04-11 12:09:29,265 | INFO | Seed 42, n_eval_subjects=10
2026-04-11 12:09:54,867 | INFO |   [1/10] DEP1003: acc=0.5833
2026-04-11 12:10:19,877 | INFO |   [2/10] DEP1030: acc=0.5000
2026-04-11 12:10:44,630 | INFO |   [3/10] DEP1032: acc=0.5972
2026-04-11 12:11:08,214 | INFO |   [4/10] HC1003: acc=0.5278
2026-04-11 12:11:32,485 | INFO |   [5/10] HC1011: acc=0.7500
2026-04-11 12:11:54,885 | INFO |   [6/10] HC1014: acc=0.5000
2026-04-11 12:12:17,113 | INFO |   [7/10] HC1017: acc=0.9722
2026-04-11 12:12:39,389 | INFO |   [8/10] HC1025: acc=0.7222
2026-04-11 12:13:01,607 | INFO |   [9/10] HC1035: acc=0.7222
2026-04-11 12:13:23,779 | INFO |   [10/10] HC1054: acc=0.6111
2026-04-11 12:13:23,780 | INFO | LOSO Mean Accuracy: 0.6486 (64.86%), std=0.1389
2026-04-11 12:13:23,782 | INFO | SVM grid result: C=0.3, gamma=0.001, mean=0.6486, std=0.0000
2026-04-11 12:13:23,782 | INFO | ============================================================
2026-04-11 12:13:23,783 | INFO | SVM grid: feature_set=enhanced, C=0.3, gamma=0.003
2026-04-11 12:13:23,783 | INFO | Seed 42, n_eval_subjects=10
2026-04-11 12:13:46,093 | INFO |   [1/10] DEP1003: acc=0.5000
2026-04-11 12:14:08,535 | INFO |   [2/10] DEP1030: acc=0.5000
2026-04-11 12:14:30,698 | INFO |   [3/10] DEP1032: acc=0.6389
2026-04-11 12:14:52,868 | INFO |   [4/10] HC1003: acc=0.6111
2026-04-11 12:15:15,284 | INFO |   [5/10] HC1011: acc=0.7361
2026-04-11 12:15:37,620 | INFO |   [6/10] HC1014: acc=0.5000
2026-04-11 12:16:00,152 | INFO |   [7/10] HC1017: acc=0.9722
2026-04-11 12:16:22,853 | INFO |   [8/10] HC1025: acc=0.7222
2026-04-11 12:16:45,238 | INFO |   [9/10] HC1035: acc=0.6667
2026-04-11 12:17:07,546 | INFO |   [10/10] HC1054: acc=0.5556
2026-04-11 12:17:07,546 | INFO | LOSO Mean Accuracy: 0.6403 (64.03%), std=0.1392
2026-04-11 12:17:07,548 | INFO | SVM grid result: C=0.3, gamma=0.003, mean=0.6403, std=0.0000
2026-04-11 12:17:07,548 | INFO | ============================================================
2026-04-11 12:17:07,548 | INFO | SVM grid: feature_set=enhanced, C=0.3, gamma=0.01
2026-04-11 12:17:07,548 | INFO | Seed 42, n_eval_subjects=10
2026-04-11 12:17:34,291 | INFO |   [1/10] DEP1003: acc=0.5000
2026-04-11 12:18:01,005 | INFO |   [2/10] DEP1030: acc=0.5000
2026-04-11 12:18:30,216 | INFO |   [3/10] DEP1032: acc=0.6250
2026-04-11 12:18:58,831 | INFO |   [4/10] HC1003: acc=0.5000
2026-04-11 12:19:26,664 | INFO |   [5/10] HC1011: acc=0.7083
2026-04-11 12:19:54,948 | INFO |   [6/10] HC1014: acc=0.5000
2026-04-11 12:20:23,608 | INFO |   [7/10] HC1017: acc=0.8333
2026-04-11 12:20:52,747 | INFO |   [8/10] HC1025: acc=0.8750
2026-04-11 12:21:20,801 | INFO |   [9/10] HC1035: acc=0.5000
2026-04-11 12:21:48,849 | INFO |   [10/10] HC1054: acc=0.5694
2026-04-11 12:21:48,850 | INFO | LOSO Mean Accuracy: 0.6111 (61.11%), std=0.1386
2026-04-11 12:21:48,852 | INFO | SVM grid result: C=0.3, gamma=0.01, mean=0.6111, std=0.0000
2026-04-11 12:21:48,852 | INFO | ============================================================
2026-04-11 12:21:48,852 | INFO | SVM grid: feature_set=enhanced, C=0.3, gamma=0.03
2026-04-11 12:21:48,852 | INFO | Seed 42, n_eval_subjects=10
2026-04-11 12:22:17,237 | INFO |   [1/10] DEP1003: acc=0.5000
2026-04-11 12:22:47,936 | INFO |   [2/10] DEP1030: acc=0.5000
2026-04-11 12:23:17,552 | INFO |   [3/10] DEP1032: acc=0.5000
2026-04-11 12:23:47,646 | INFO |   [4/10] HC1003: acc=0.5000
2026-04-11 12:24:18,237 | INFO |   [5/10] HC1011: acc=0.5000
2026-04-11 12:24:48,408 | INFO |   [6/10] HC1014: acc=0.5000
2026-04-11 12:25:24,545 | INFO |   [7/10] HC1017: acc=0.5000
2026-04-11 12:25:56,793 | INFO |   [8/10] HC1025: acc=0.5000
2026-04-11 12:26:28,221 | INFO |   [9/10] HC1035: acc=0.5000
2026-04-11 12:26:58,737 | INFO |   [10/10] HC1054: acc=0.5000
2026-04-11 12:26:58,737 | INFO | LOSO Mean Accuracy: 0.5000 (50.00%), std=0.0000
2026-04-11 12:26:58,738 | INFO | SVM grid result: C=0.3, gamma=0.03, mean=0.5000, std=0.0000
2026-04-11 12:26:58,738 | INFO | ============================================================
2026-04-11 12:26:58,738 | INFO | SVM grid: feature_set=enhanced, C=0.3, gamma=0.1
2026-04-11 12:26:58,739 | INFO | Seed 42, n_eval_subjects=10
2026-04-11 12:27:28,154 | INFO |   [1/10] DEP1003: acc=0.5000
2026-04-11 12:27:57,838 | INFO |   [2/10] DEP1030: acc=0.5000
2026-04-11 12:28:26,586 | INFO |   [3/10] DEP1032: acc=0.5000
2026-04-11 12:28:54,857 | INFO |   [4/10] HC1003: acc=0.5000
2026-04-11 12:29:24,332 | INFO |   [5/10] HC1011: acc=0.5000
2026-04-11 12:29:54,519 | INFO |   [6/10] HC1014: acc=0.5000
2026-04-11 12:30:24,376 | INFO |   [7/10] HC1017: acc=0.5000
2026-04-11 12:30:53,798 | INFO |   [8/10] HC1025: acc=0.5000
2026-04-11 12:31:21,374 | INFO |   [9/10] HC1035: acc=0.5000
2026-04-11 12:31:50,517 | INFO |   [10/10] HC1054: acc=0.5000
2026-04-11 12:31:50,518 | INFO | LOSO Mean Accuracy: 0.5000 (50.00%), std=0.0000
2026-04-11 12:31:50,520 | INFO | SVM grid result: C=0.3, gamma=0.1, mean=0.5000, std=0.0000
2026-04-11 12:31:50,520 | INFO | ============================================================
2026-04-11 12:31:50,521 | INFO | SVM grid: feature_set=enhanced, C=1, gamma=scale
2026-04-11 12:31:50,521 | INFO | Seed 42, n_eval_subjects=10
2026-04-11 12:32:10,823 | INFO |   [1/10] DEP1003: acc=0.5694
2026-04-11 12:32:32,077 | INFO |   [2/10] DEP1030: acc=0.5000
2026-04-11 12:32:52,243 | INFO |   [3/10] DEP1032: acc=0.5556
2026-04-11 12:33:14,627 | INFO |   [4/10] HC1003: acc=0.6806
2026-04-11 12:33:39,567 | INFO |   [5/10] HC1011: acc=0.7500
2026-04-11 12:34:04,311 | INFO |   [6/10] HC1014: acc=0.5000
2026-04-11 12:34:28,829 | INFO |   [7/10] HC1017: acc=0.8889
2026-04-11 12:34:52,907 | INFO |   [8/10] HC1025: acc=0.6111
2026-04-11 12:35:16,405 | INFO |   [9/10] HC1035: acc=0.5833
2026-04-11 12:35:41,009 | INFO |   [10/10] HC1054: acc=0.5278
2026-04-11 12:35:41,010 | INFO | LOSO Mean Accuracy: 0.6167 (61.67%), std=0.1176
2026-04-11 12:35:41,012 | INFO | SVM grid result: C=1, gamma=scale, mean=0.6167, std=0.0000
2026-04-11 12:35:41,014 | INFO | ============================================================
2026-04-11 12:35:41,014 | INFO | SVM grid: feature_set=enhanced, C=1, gamma=0.001
2026-04-11 12:35:41,014 | INFO | Seed 42, n_eval_subjects=10
2026-04-11 12:36:06,325 | INFO |   [1/10] DEP1003: acc=0.5694
2026-04-11 12:36:31,598 | INFO |   [2/10] DEP1030: acc=0.5000
2026-04-11 12:36:57,562 | INFO |   [3/10] DEP1032: acc=0.5694
2026-04-11 12:37:23,576 | INFO |   [4/10] HC1003: acc=0.5694
2026-04-11 12:37:49,099 | INFO |   [5/10] HC1011: acc=0.7639
2026-04-11 12:38:14,009 | INFO |   [6/10] HC1014: acc=0.5000
2026-04-11 12:38:39,204 | INFO |   [7/10] HC1017: acc=0.9167
2026-04-11 12:39:04,280 | INFO |   [8/10] HC1025: acc=0.6250
2026-04-11 12:39:29,491 | INFO |   [9/10] HC1035: acc=0.5833
2026-04-11 12:39:54,360 | INFO |   [10/10] HC1054: acc=0.5417
2026-04-11 12:39:54,361 | INFO | LOSO Mean Accuracy: 0.6139 (61.39%), std=0.1234
2026-04-11 12:39:54,363 | INFO | SVM grid result: C=1, gamma=0.001, mean=0.6139, std=0.0000
2026-04-11 12:39:54,364 | INFO | ============================================================
2026-04-11 12:39:54,364 | INFO | SVM grid: feature_set=enhanced, C=1, gamma=0.003
2026-04-11 12:39:54,366 | INFO | Seed 42, n_eval_subjects=10
2026-04-11 12:40:17,917 | INFO |   [1/10] DEP1003: acc=0.5139
2026-04-11 12:40:40,855 | INFO |   [2/10] DEP1030: acc=0.5000
2026-04-11 12:41:04,302 | INFO |   [3/10] DEP1032: acc=0.5139
2026-04-11 12:41:28,137 | INFO |   [4/10] HC1003: acc=0.6389
2026-04-11 12:41:51,607 | INFO |   [5/10] HC1011: acc=0.7083
2026-04-11 12:42:15,085 | INFO |   [6/10] HC1014: acc=0.5000
2026-04-11 12:42:39,125 | INFO |   [7/10] HC1017: acc=0.9444
2026-04-11 12:43:02,626 | INFO |   [8/10] HC1025: acc=0.5972
2026-04-11 12:43:26,253 | INFO |   [9/10] HC1035: acc=0.5972
2026-04-11 12:43:50,227 | INFO |   [10/10] HC1054: acc=0.5833
2026-04-11 12:43:50,227 | INFO | LOSO Mean Accuracy: 0.6097 (60.97%), std=0.1289
2026-04-11 12:43:50,229 | INFO | SVM grid result: C=1, gamma=0.003, mean=0.6097, std=0.0000
2026-04-11 12:43:50,229 | INFO | ============================================================
2026-04-11 12:43:50,229 | INFO | SVM grid: feature_set=enhanced, C=1, gamma=0.01
2026-04-11 12:43:50,229 | INFO | Seed 42, n_eval_subjects=10
2026-04-11 12:44:21,758 | INFO |   [1/10] DEP1003: acc=0.5556
2026-04-11 12:44:53,654 | INFO |   [2/10] DEP1030: acc=0.5000
2026-04-11 12:45:26,137 | INFO |   [3/10] DEP1032: acc=0.5556
2026-04-11 12:45:57,981 | INFO |   [4/10] HC1003: acc=0.5000
2026-04-11 12:46:30,144 | INFO |   [5/10] HC1011: acc=0.6806
2026-04-11 12:47:05,208 | INFO |   [6/10] HC1014: acc=0.5000
2026-04-11 12:47:40,864 | INFO |   [7/10] HC1017: acc=0.9306
2026-04-11 12:48:23,534 | INFO |   [8/10] HC1025: acc=0.7917
2026-04-11 12:48:57,028 | INFO |   [9/10] HC1035: acc=0.6944
2026-04-11 12:49:32,282 | INFO |   [10/10] HC1054: acc=0.5972
2026-04-11 12:49:32,282 | INFO | LOSO Mean Accuracy: 0.6306 (63.06%), std=0.1364
2026-04-11 12:49:32,285 | INFO | SVM grid result: C=1, gamma=0.01, mean=0.6306, std=0.0000
2026-04-11 12:49:32,286 | INFO | ============================================================
2026-04-11 12:49:32,286 | INFO | SVM grid: feature_set=enhanced, C=1, gamma=0.03
2026-04-11 12:49:32,286 | INFO | Seed 42, n_eval_subjects=10
2026-04-11 12:50:10,324 | INFO |   [1/10] DEP1003: acc=0.5000
2026-04-11 12:50:40,690 | INFO |   [2/10] DEP1030: acc=0.5000
2026-04-11 12:51:09,541 | INFO |   [3/10] DEP1032: acc=0.5000
2026-04-11 12:51:38,872 | INFO |   [4/10] HC1003: acc=0.5000
2026-04-11 12:52:07,718 | INFO |   [5/10] HC1011: acc=0.5000
2026-04-11 12:52:36,803 | INFO |   [6/10] HC1014: acc=0.5000
2026-04-11 12:53:05,877 | INFO |   [7/10] HC1017: acc=0.5000
2026-04-11 12:53:40,236 | INFO |   [8/10] HC1025: acc=0.5000
2026-04-11 12:54:10,015 | INFO |   [9/10] HC1035: acc=0.5000
2026-04-11 12:54:41,279 | INFO |   [10/10] HC1054: acc=0.5000
2026-04-11 12:54:41,279 | INFO | LOSO Mean Accuracy: 0.5000 (50.00%), std=0.0000
2026-04-11 12:54:41,281 | INFO | SVM grid result: C=1, gamma=0.03, mean=0.5000, std=0.0000
2026-04-11 12:54:41,281 | INFO | ============================================================
2026-04-11 12:54:41,281 | INFO | SVM grid: feature_set=enhanced, C=1, gamma=0.1
2026-04-11 12:54:41,281 | INFO | Seed 42, n_eval_subjects=10
2026-04-11 12:55:12,009 | INFO |   [1/10] DEP1003: acc=0.5000
2026-04-11 12:55:43,979 | INFO |   [2/10] DEP1030: acc=0.5000
2026-04-11 12:56:14,199 | INFO |   [3/10] DEP1032: acc=0.5000
2026-04-11 12:56:44,614 | INFO |   [4/10] HC1003: acc=0.5000
2026-04-11 12:57:14,816 | INFO |   [5/10] HC1011: acc=0.5000
2026-04-11 12:57:44,968 | INFO |   [6/10] HC1014: acc=0.5000
2026-04-11 12:58:14,737 | INFO |   [7/10] HC1017: acc=0.5000
2026-04-11 12:58:44,584 | INFO |   [8/10] HC1025: acc=0.5000
2026-04-11 12:59:14,395 | INFO |   [9/10] HC1035: acc=0.5000
2026-04-11 12:59:45,220 | INFO |   [10/10] HC1054: acc=0.5000
2026-04-11 12:59:45,221 | INFO | LOSO Mean Accuracy: 0.5000 (50.00%), std=0.0000
2026-04-11 12:59:45,222 | INFO | SVM grid result: C=1, gamma=0.1, mean=0.5000, std=0.0000
2026-04-11 12:59:45,222 | INFO | ============================================================
2026-04-11 12:59:45,222 | INFO | SVM grid: feature_set=enhanced, C=3, gamma=scale
2026-04-11 12:59:45,223 | INFO | Seed 42, n_eval_subjects=10
2026-04-11 13:00:04,160 | INFO |   [1/10] DEP1003: acc=0.5833
2026-04-11 13:00:23,620 | INFO |   [2/10] DEP1030: acc=0.5000
2026-04-11 13:00:43,163 | INFO |   [3/10] DEP1032: acc=0.4861
2026-04-11 13:01:02,672 | INFO |   [4/10] HC1003: acc=0.5694
2026-04-11 13:01:21,985 | INFO |   [5/10] HC1011: acc=0.6250
2026-04-11 13:01:41,772 | INFO |   [6/10] HC1014: acc=0.5000
2026-04-11 13:02:01,352 | INFO |   [7/10] HC1017: acc=0.8472
2026-04-11 13:02:20,806 | INFO |   [8/10] HC1025: acc=0.5556
2026-04-11 13:02:40,308 | INFO |   [9/10] HC1035: acc=0.5278
2026-04-11 13:02:59,755 | INFO |   [10/10] HC1054: acc=0.6667
2026-04-11 13:02:59,756 | INFO | LOSO Mean Accuracy: 0.5861 (58.61%), std=0.1028
2026-04-11 13:02:59,757 | INFO | SVM grid result: C=3, gamma=scale, mean=0.5861, std=0.0000
2026-04-11 13:02:59,757 | INFO | ============================================================
2026-04-11 13:02:59,757 | INFO | SVM grid: feature_set=enhanced, C=3, gamma=0.001
2026-04-11 13:02:59,758 | INFO | Seed 42, n_eval_subjects=10
2026-04-11 13:03:19,874 | INFO |   [1/10] DEP1003: acc=0.5556
2026-04-11 13:03:40,230 | INFO |   [2/10] DEP1030: acc=0.5000
2026-04-11 13:04:00,417 | INFO |   [3/10] DEP1032: acc=0.5139
2026-04-11 13:04:20,859 | INFO |   [4/10] HC1003: acc=0.5556
2026-04-11 13:04:41,052 | INFO |   [5/10] HC1011: acc=0.6806
2026-04-11 13:05:01,003 | INFO |   [6/10] HC1014: acc=0.5000
2026-04-11 13:05:21,591 | INFO |   [7/10] HC1017: acc=0.8750
2026-04-11 13:05:42,172 | INFO |   [8/10] HC1025: acc=0.5694
2026-04-11 13:06:02,389 | INFO |   [9/10] HC1035: acc=0.5139
2026-04-11 13:06:22,626 | INFO |   [10/10] HC1054: acc=0.6250
2026-04-11 13:06:22,626 | INFO | LOSO Mean Accuracy: 0.5889 (58.89%), std=0.1101
2026-04-11 13:06:22,627 | INFO | SVM grid result: C=3, gamma=0.001, mean=0.5889, std=0.0000
2026-04-11 13:06:22,628 | INFO | ============================================================
2026-04-11 13:06:22,628 | INFO | SVM grid: feature_set=enhanced, C=3, gamma=0.003
2026-04-11 13:06:22,628 | INFO | Seed 42, n_eval_subjects=10
2026-04-11 13:06:42,332 | INFO |   [1/10] DEP1003: acc=0.5833
2026-04-11 13:07:02,092 | INFO |   [2/10] DEP1030: acc=0.5000
2026-04-11 13:07:21,452 | INFO |   [3/10] DEP1032: acc=0.4583
2026-04-11 13:07:41,024 | INFO |   [4/10] HC1003: acc=0.6389
2026-04-11 13:08:00,515 | INFO |   [5/10] HC1011: acc=0.6667
2026-04-11 13:08:24,799 | INFO |   [6/10] HC1014: acc=0.5000
2026-04-11 13:08:45,071 | INFO |   [7/10] HC1017: acc=0.8889
2026-04-11 13:09:06,212 | INFO |   [8/10] HC1025: acc=0.5556
2026-04-11 13:09:26,737 | INFO |   [9/10] HC1035: acc=0.5556
2026-04-11 13:09:45,564 | INFO |   [10/10] HC1054: acc=0.5556
2026-04-11 13:09:45,565 | INFO | LOSO Mean Accuracy: 0.5903 (59.03%), std=0.1161
2026-04-11 13:09:45,566 | INFO | SVM grid result: C=3, gamma=0.003, mean=0.5903, std=0.0000
2026-04-11 13:09:45,567 | INFO | ============================================================
2026-04-11 13:09:45,567 | INFO | SVM grid: feature_set=enhanced, C=3, gamma=0.01
2026-04-11 13:09:45,567 | INFO | Seed 42, n_eval_subjects=10
2026-04-11 13:10:15,594 | INFO |   [1/10] DEP1003: acc=0.5833
2026-04-11 13:10:46,818 | INFO |   [2/10] DEP1030: acc=0.5000
