2026-04-11 11:46:04,963 | INFO | Loading training data...
2026-04-11 11:55:15,163 | INFO | Raw windows: (4320, 30, 2500) | load_time=550.2s
2026-04-11 11:55:15,171 | INFO | Extracting enhanced features for SVM...
2026-04-11 12:08:57,704 | INFO | SVM features: (4320, 570) | feat_time=822.5s
2026-04-11 12:08:57,725 | INFO | ============================================================
2026-04-11 12:08:57,746 | INFO | SVM grid: feature_set=enhanced, C=0.1, gamma=scale
2026-04-11 12:08:57,778 | INFO | Seed 42, n_eval_subjects=10
2026-04-11 12:09:29,380 | INFO |   [1/10] DEP1003: acc=0.5000
2026-04-11 12:10:00,090 | INFO |   [2/10] DEP1030: acc=0.5000
2026-04-11 12:10:25,329 | INFO |   [3/10] DEP1032: acc=0.6806
2026-04-11 12:11:04,277 | INFO |   [4/10] HC1003: acc=0.5139
2026-04-11 12:11:28,206 | INFO |   [5/10] HC1011: acc=0.7222
2026-04-11 12:11:52,539 | INFO |   [6/10] HC1014: acc=0.5278
2026-04-11 12:12:33,276 | INFO |   [7/10] HC1017: acc=0.9861
2026-04-11 12:12:58,521 | INFO |   [8/10] HC1025: acc=0.8056
2026-04-11 12:13:24,243 | INFO |   [9/10] HC1035: acc=0.8056
2026-04-11 12:13:57,364 | INFO |   [10/10] HC1054: acc=0.6250
2026-04-11 12:13:57,365 | INFO | LOSO Mean Accuracy: 0.6667 (66.67%), std=0.1561
2026-04-11 12:13:57,373 | INFO | SVM grid result: C=0.1, gamma=scale, mean=0.6667, std=0.0000
2026-04-11 12:13:57,374 | INFO | ============================================================
2026-04-11 12:13:57,375 | INFO | SVM grid: feature_set=enhanced, C=0.1, gamma=0.001
2026-04-11 12:13:57,377 | INFO | Seed 42, n_eval_subjects=10
2026-04-11 12:14:23,645 | INFO |   [1/10] DEP1003: acc=0.5000
2026-04-11 12:14:49,179 | INFO |   [2/10] DEP1030: acc=0.5000
2026-04-11 12:15:11,602 | INFO |   [3/10] DEP1032: acc=0.6806
2026-04-11 12:15:35,956 | INFO |   [4/10] HC1003: acc=0.5139
2026-04-11 12:15:50,932 | INFO |   [5/10] HC1011: acc=0.7222
2026-04-11 12:16:16,725 | INFO |   [6/10] HC1014: acc=0.5278
2026-04-11 12:16:32,418 | INFO |   [7/10] HC1017: acc=0.9861
2026-04-11 12:16:51,990 | INFO |   [8/10] HC1025: acc=0.7778
2026-04-11 12:17:18,181 | INFO |   [9/10] HC1035: acc=0.8056
2026-04-11 12:17:33,998 | INFO |   [10/10] HC1054: acc=0.6250
2026-04-11 12:17:34,000 | INFO | LOSO Mean Accuracy: 0.6639 (66.39%), std=0.1539
2026-04-11 12:17:34,007 | INFO | SVM grid result: C=0.1, gamma=0.001, mean=0.6639, std=0.0000
2026-04-11 12:17:34,008 | INFO | ============================================================
2026-04-11 12:17:34,010 | INFO | SVM grid: feature_set=enhanced, C=0.1, gamma=0.003
2026-04-11 12:17:34,011 | INFO | Seed 42, n_eval_subjects=10
2026-04-11 12:17:59,725 | INFO |   [1/10] DEP1003: acc=0.5000
2026-04-11 12:18:25,785 | INFO |   [2/10] DEP1030: acc=0.5000
2026-04-11 12:18:52,181 | INFO |   [3/10] DEP1032: acc=0.6944
2026-04-11 12:19:17,580 | INFO |   [4/10] HC1003: acc=0.5278
2026-04-11 12:19:43,057 | INFO |   [5/10] HC1011: acc=0.7222
2026-04-11 12:19:58,349 | INFO |   [6/10] HC1014: acc=0.5139
2026-04-11 12:20:18,683 | INFO |   [7/10] HC1017: acc=0.9722
2026-04-11 12:20:45,245 | INFO |   [8/10] HC1025: acc=0.8194
2026-04-11 12:21:00,989 | INFO |   [9/10] HC1035: acc=0.6806
2026-04-11 12:21:25,566 | INFO |   [10/10] HC1054: acc=0.5972
2026-04-11 12:21:25,579 | INFO | LOSO Mean Accuracy: 0.6528 (65.28%), std=0.1489
2026-04-11 12:21:25,597 | INFO | SVM grid result: C=0.1, gamma=0.003, mean=0.6528, std=0.0000
2026-04-11 12:21:25,599 | INFO | ============================================================
2026-04-11 12:21:25,601 | INFO | SVM grid: feature_set=enhanced, C=0.1, gamma=0.01
2026-04-11 12:21:25,603 | INFO | Seed 42, n_eval_subjects=10
2026-04-11 12:21:43,409 | INFO |   [1/10] DEP1003: acc=0.5000
2026-04-11 12:22:05,956 | INFO |   [2/10] DEP1030: acc=0.5000
2026-04-11 12:22:35,688 | INFO |   [3/10] DEP1032: acc=0.7222
2026-04-11 12:23:02,546 | INFO |   [4/10] HC1003: acc=0.5000
2026-04-11 12:23:24,918 | INFO |   [5/10] HC1011: acc=0.7083
2026-04-11 12:23:42,657 | INFO |   [6/10] HC1014: acc=0.4722
2026-04-11 12:24:13,664 | INFO |   [7/10] HC1017: acc=0.9028
2026-04-11 12:24:31,464 | INFO |   [8/10] HC1025: acc=0.7778
2026-04-11 12:24:48,881 | INFO |   [9/10] HC1035: acc=0.5000
2026-04-11 12:25:05,538 | INFO |   [10/10] HC1054: acc=0.5278
2026-04-11 12:25:05,551 | INFO | LOSO Mean Accuracy: 0.6111 (61.11%), std=0.1450
2026-04-11 12:25:05,575 | INFO | SVM grid result: C=0.1, gamma=0.01, mean=0.6111, std=0.0000
2026-04-11 12:25:05,585 | INFO | ============================================================
2026-04-11 12:25:05,599 | INFO | SVM grid: feature_set=enhanced, C=0.1, gamma=0.03
2026-04-11 12:25:05,613 | INFO | Seed 42, n_eval_subjects=10
2026-04-11 12:25:22,844 | INFO |   [1/10] DEP1003: acc=0.5000
2026-04-11 12:25:40,032 | INFO |   [2/10] DEP1030: acc=0.5000
2026-04-11 12:26:07,881 | INFO |   [3/10] DEP1032: acc=0.5000
2026-04-11 12:26:36,215 | INFO |   [4/10] HC1003: acc=0.5000
2026-04-11 12:26:53,300 | INFO |   [5/10] HC1011: acc=0.5000
2026-04-11 12:27:31,961 | INFO |   [6/10] HC1014: acc=0.5000
2026-04-11 12:28:00,106 | INFO |   [7/10] HC1017: acc=0.5000
2026-04-11 12:28:28,355 | INFO |   [8/10] HC1025: acc=0.5000
2026-04-11 12:28:45,593 | INFO |   [9/10] HC1035: acc=0.5000
2026-04-11 12:29:14,518 | INFO |   [10/10] HC1054: acc=0.5000
2026-04-11 12:29:14,532 | INFO | LOSO Mean Accuracy: 0.5000 (50.00%), std=0.0000
2026-04-11 12:29:14,551 | INFO | SVM grid result: C=0.1, gamma=0.03, mean=0.5000, std=0.0000
2026-04-11 12:29:14,559 | INFO | ============================================================
2026-04-11 12:29:14,572 | INFO | SVM grid: feature_set=enhanced, C=0.1, gamma=0.1
2026-04-11 12:29:14,586 | INFO | Seed 42, n_eval_subjects=10
2026-04-11 12:29:42,826 | INFO |   [1/10] DEP1003: acc=0.5000
2026-04-11 12:30:08,712 | INFO |   [2/10] DEP1030: acc=0.5000
2026-04-11 12:30:30,991 | INFO |   [3/10] DEP1032: acc=0.5000
2026-04-11 12:30:58,847 | INFO |   [4/10] HC1003: acc=0.5000
2026-04-11 12:31:19,804 | INFO |   [5/10] HC1011: acc=0.5000
2026-04-11 12:31:48,019 | INFO |   [6/10] HC1014: acc=0.5000
2026-04-11 12:32:15,736 | INFO |   [7/10] HC1017: acc=0.5000
2026-04-11 12:32:43,473 | INFO |   [8/10] HC1025: acc=0.5000
2026-04-11 12:33:01,050 | INFO |   [9/10] HC1035: acc=0.5000
2026-04-11 12:33:18,216 | INFO |   [10/10] HC1054: acc=0.5000
2026-04-11 12:33:18,234 | INFO | LOSO Mean Accuracy: 0.5000 (50.00%), std=0.0000
2026-04-11 12:33:18,257 | INFO | SVM grid result: C=0.1, gamma=0.1, mean=0.5000, std=0.0000
2026-04-11 12:33:18,267 | INFO | ============================================================
2026-04-11 12:33:18,281 | INFO | SVM grid: feature_set=enhanced, C=0.3, gamma=scale
2026-04-11 12:33:18,295 | INFO | Seed 42, n_eval_subjects=10
2026-04-11 12:33:40,426 | INFO |   [1/10] DEP1003: acc=0.5417
2026-04-11 12:34:06,821 | INFO |   [2/10] DEP1030: acc=0.5000
2026-04-11 12:34:30,430 | INFO |   [3/10] DEP1032: acc=0.6111
2026-04-11 12:34:55,376 | INFO |   [4/10] HC1003: acc=0.5417
2026-04-11 12:35:17,880 | INFO |   [5/10] HC1011: acc=0.7500
2026-04-11 12:35:43,069 | INFO |   [6/10] HC1014: acc=0.5000
2026-04-11 12:36:03,213 | INFO |   [7/10] HC1017: acc=0.9722
2026-04-11 12:36:17,423 | INFO |   [8/10] HC1025: acc=0.7222
2026-04-11 12:36:40,918 | INFO |   [9/10] HC1035: acc=0.7083
2026-04-11 12:36:55,278 | INFO |   [10/10] HC1054: acc=0.5694
2026-04-11 12:36:55,280 | INFO | LOSO Mean Accuracy: 0.6417 (64.17%), std=0.1408
2026-04-11 12:36:55,287 | INFO | SVM grid result: C=0.3, gamma=scale, mean=0.6417, std=0.0000
2026-04-11 12:36:55,288 | INFO | ============================================================
2026-04-11 12:36:55,289 | INFO | SVM grid: feature_set=enhanced, C=0.3, gamma=0.001
2026-04-11 12:36:55,290 | INFO | Seed 42, n_eval_subjects=10
2026-04-11 12:37:08,844 | INFO |   [1/10] DEP1003: acc=0.5833
2026-04-11 12:37:22,761 | INFO |   [2/10] DEP1030: acc=0.5000
2026-04-11 12:37:36,802 | INFO |   [3/10] DEP1032: acc=0.5972
2026-04-11 12:38:00,671 | INFO |   [4/10] HC1003: acc=0.5278
2026-04-11 12:38:14,644 | INFO |   [5/10] HC1011: acc=0.7500
2026-04-11 12:38:28,784 | INFO |   [6/10] HC1014: acc=0.5000
2026-04-11 12:38:43,419 | INFO |   [7/10] HC1017: acc=0.9722
2026-04-11 12:38:57,200 | INFO |   [8/10] HC1025: acc=0.7222
2026-04-11 12:39:22,461 | INFO |   [9/10] HC1035: acc=0.7222
2026-04-11 12:39:49,217 | INFO |   [10/10] HC1054: acc=0.6111
2026-04-11 12:39:49,231 | INFO | LOSO Mean Accuracy: 0.6486 (64.86%), std=0.1389
2026-04-11 12:39:49,255 | INFO | SVM grid result: C=0.3, gamma=0.001, mean=0.6486, std=0.0000
2026-04-11 12:39:49,261 | INFO | ============================================================
2026-04-11 12:39:49,291 | INFO | SVM grid: feature_set=enhanced, C=0.3, gamma=0.003
2026-04-11 12:39:49,312 | INFO | Seed 42, n_eval_subjects=10
2026-04-11 12:40:14,513 | INFO |   [1/10] DEP1003: acc=0.5000
2026-04-11 12:40:28,725 | INFO |   [2/10] DEP1030: acc=0.5000
2026-04-11 12:40:42,893 | INFO |   [3/10] DEP1032: acc=0.6389
2026-04-11 12:41:00,381 | INFO |   [4/10] HC1003: acc=0.6111
2026-04-11 12:41:14,399 | INFO |   [5/10] HC1011: acc=0.7361
2026-04-11 12:41:39,802 | INFO |   [6/10] HC1014: acc=0.5000
2026-04-11 12:42:00,119 | INFO |   [7/10] HC1017: acc=0.9722
2026-04-11 12:42:24,618 | INFO |   [8/10] HC1025: acc=0.7222
2026-04-11 12:42:42,111 | INFO |   [9/10] HC1035: acc=0.6667
2026-04-11 12:43:06,760 | INFO |   [10/10] HC1054: acc=0.5556
2026-04-11 12:43:06,789 | INFO | LOSO Mean Accuracy: 0.6403 (64.03%), std=0.1392
2026-04-11 12:43:06,842 | INFO | SVM grid result: C=0.3, gamma=0.003, mean=0.6403, std=0.0000
2026-04-11 12:43:06,873 | INFO | ============================================================
2026-04-11 12:43:06,903 | INFO | SVM grid: feature_set=enhanced, C=0.3, gamma=0.01
2026-04-11 12:43:06,944 | INFO | Seed 42, n_eval_subjects=10
2026-04-11 12:43:24,240 | INFO |   [1/10] DEP1003: acc=0.5000
2026-04-11 12:43:51,130 | INFO |   [2/10] DEP1030: acc=0.5000
2026-04-11 12:44:18,209 | INFO |   [3/10] DEP1032: acc=0.6250
2026-04-11 12:44:41,107 | INFO |   [4/10] HC1003: acc=0.5000
2026-04-11 12:45:07,428 | INFO |   [5/10] HC1011: acc=0.7083
2026-04-11 12:45:24,543 | INFO |   [6/10] HC1014: acc=0.5000
2026-04-11 12:45:41,370 | INFO |   [7/10] HC1017: acc=0.8333
2026-04-11 12:46:08,007 | INFO |   [8/10] HC1025: acc=0.8750
2026-04-11 12:46:35,165 | INFO |   [9/10] HC1035: acc=0.5000
2026-04-11 12:47:02,065 | INFO |   [10/10] HC1054: acc=0.5694
2026-04-11 12:47:02,073 | INFO | LOSO Mean Accuracy: 0.6111 (61.11%), std=0.1386
2026-04-11 12:47:02,094 | INFO | SVM grid result: C=0.3, gamma=0.01, mean=0.6111, std=0.0000
2026-04-11 12:47:02,113 | INFO | ============================================================
2026-04-11 12:47:02,118 | INFO | SVM grid: feature_set=enhanced, C=0.3, gamma=0.03
2026-04-11 12:47:02,119 | INFO | Seed 42, n_eval_subjects=10
2026-04-11 12:47:19,001 | INFO |   [1/10] DEP1003: acc=0.5000
2026-04-11 12:47:36,122 | INFO |   [2/10] DEP1030: acc=0.5000
2026-04-11 12:48:04,028 | INFO |   [3/10] DEP1032: acc=0.5000
2026-04-11 12:48:21,137 | INFO |   [4/10] HC1003: acc=0.5000
2026-04-11 12:48:38,080 | INFO |   [5/10] HC1011: acc=0.5000
2026-04-11 12:48:55,590 | INFO |   [6/10] HC1014: acc=0.5000
2026-04-11 12:49:22,891 | INFO |   [7/10] HC1017: acc=0.5000
2026-04-11 12:49:48,702 | INFO |   [8/10] HC1025: acc=0.5000
2026-04-11 12:50:15,823 | INFO |   [9/10] HC1035: acc=0.5000
2026-04-11 12:50:33,038 | INFO |   [10/10] HC1054: acc=0.5000
2026-04-11 12:50:33,039 | INFO | LOSO Mean Accuracy: 0.5000 (50.00%), std=0.0000
2026-04-11 12:50:33,047 | INFO | SVM grid result: C=0.3, gamma=0.03, mean=0.5000, std=0.0000
2026-04-11 12:50:33,048 | INFO | ============================================================
2026-04-11 12:50:33,049 | INFO | SVM grid: feature_set=enhanced, C=0.3, gamma=0.1
2026-04-11 12:50:33,051 | INFO | Seed 42, n_eval_subjects=10
2026-04-11 12:50:50,208 | INFO |   [1/10] DEP1003: acc=0.5000
2026-04-11 12:51:06,977 | INFO |   [2/10] DEP1030: acc=0.5000
2026-04-11 12:51:35,294 | INFO |   [3/10] DEP1032: acc=0.5000
2026-04-11 12:51:52,397 | INFO |   [4/10] HC1003: acc=0.5000
2026-04-11 12:52:09,185 | INFO |   [5/10] HC1011: acc=0.5000
2026-04-11 12:52:38,347 | INFO |   [6/10] HC1014: acc=0.5000
2026-04-11 12:53:09,573 | INFO |   [7/10] HC1017: acc=0.5000
2026-04-11 12:53:26,273 | INFO |   [8/10] HC1025: acc=0.5000
2026-04-11 12:53:44,683 | INFO |   [9/10] HC1035: acc=0.5000
2026-04-11 12:54:01,400 | INFO |   [10/10] HC1054: acc=0.5000
2026-04-11 12:54:01,417 | INFO | LOSO Mean Accuracy: 0.5000 (50.00%), std=0.0000
2026-04-11 12:54:01,425 | INFO | SVM grid result: C=0.3, gamma=0.1, mean=0.5000, std=0.0000
2026-04-11 12:54:01,426 | INFO | ============================================================
2026-04-11 12:54:01,427 | INFO | SVM grid: feature_set=enhanced, C=1, gamma=scale
2026-04-11 12:54:01,429 | INFO | Seed 42, n_eval_subjects=10
2026-04-11 12:54:32,040 | INFO |   [1/10] DEP1003: acc=0.5694
2026-04-11 12:54:44,694 | INFO |   [2/10] DEP1030: acc=0.5000
2026-04-11 12:55:01,612 | INFO |   [3/10] DEP1032: acc=0.5556
2026-04-11 12:55:23,917 | INFO |   [4/10] HC1003: acc=0.6806
2026-04-11 12:55:42,192 | INFO |   [5/10] HC1011: acc=0.7500
2026-04-11 12:56:04,609 | INFO |   [6/10] HC1014: acc=0.5000
2026-04-11 12:56:45,003 | INFO |   [7/10] HC1017: acc=0.8889
2026-04-11 12:57:08,482 | INFO |   [8/10] HC1025: acc=0.6111
2026-04-11 12:57:31,949 | INFO |   [9/10] HC1035: acc=0.5833
2026-04-11 12:58:03,456 | INFO |   [10/10] HC1054: acc=0.5278
2026-04-11 12:58:03,459 | INFO | LOSO Mean Accuracy: 0.6167 (61.67%), std=0.1176
2026-04-11 12:58:03,465 | INFO | SVM grid result: C=1, gamma=scale, mean=0.6167, std=0.0000
2026-04-11 12:58:03,467 | INFO | ============================================================
2026-04-11 12:58:03,470 | INFO | SVM grid: feature_set=enhanced, C=1, gamma=0.001
2026-04-11 12:58:03,473 | INFO | Seed 42, n_eval_subjects=10
2026-04-11 12:58:15,917 | INFO |   [1/10] DEP1003: acc=0.5694
2026-04-11 12:58:28,767 | INFO |   [2/10] DEP1030: acc=0.5000
2026-04-11 12:58:51,928 | INFO |   [3/10] DEP1032: acc=0.5694
2026-04-11 12:59:04,857 | INFO |   [4/10] HC1003: acc=0.5694
2026-04-11 12:59:26,920 | INFO |   [5/10] HC1011: acc=0.7639
2026-04-11 12:59:53,064 | INFO |   [6/10] HC1014: acc=0.5000
2026-04-11 13:00:16,831 | INFO |   [7/10] HC1017: acc=0.9167
2026-04-11 13:00:29,773 | INFO |   [8/10] HC1025: acc=0.6250
2026-04-11 13:00:52,328 | INFO |   [9/10] HC1035: acc=0.5833
2026-04-11 13:01:21,652 | INFO |   [10/10] HC1054: acc=0.5417
2026-04-11 13:01:21,654 | INFO | LOSO Mean Accuracy: 0.6139 (61.39%), std=0.1234
2026-04-11 13:01:21,661 | INFO | SVM grid result: C=1, gamma=0.001, mean=0.6139, std=0.0000
2026-04-11 13:01:21,662 | INFO | ============================================================
2026-04-11 13:01:21,663 | INFO | SVM grid: feature_set=enhanced, C=1, gamma=0.003
2026-04-11 13:01:21,665 | INFO | Seed 42, n_eval_subjects=10
2026-04-11 13:01:36,070 | INFO |   [1/10] DEP1003: acc=0.5139
2026-04-11 13:01:48,048 | INFO |   [2/10] DEP1030: acc=0.5000
2026-04-11 13:02:00,190 | INFO |   [3/10] DEP1032: acc=0.5139
2026-04-11 13:02:12,862 | INFO |   [4/10] HC1003: acc=0.6389
2026-04-11 13:02:24,983 | INFO |   [5/10] HC1011: acc=0.7083
2026-04-11 13:02:37,156 | INFO |   [6/10] HC1014: acc=0.5000
2026-04-11 13:02:49,544 | INFO |   [7/10] HC1017: acc=0.9444
2026-04-11 13:03:01,687 | INFO |   [8/10] HC1025: acc=0.5972
2026-04-11 13:03:13,876 | INFO |   [9/10] HC1035: acc=0.5972
2026-04-11 13:03:26,039 | INFO |   [10/10] HC1054: acc=0.5833
2026-04-11 13:03:26,041 | INFO | LOSO Mean Accuracy: 0.6097 (60.97%), std=0.1289
2026-04-11 13:03:26,042 | INFO | SVM grid result: C=1, gamma=0.003, mean=0.6097, std=0.0000
2026-04-11 13:03:26,043 | INFO | ============================================================
2026-04-11 13:03:26,044 | INFO | SVM grid: feature_set=enhanced, C=1, gamma=0.01
2026-04-11 13:03:26,046 | INFO | Seed 42, n_eval_subjects=10
2026-04-11 13:03:42,305 | INFO |   [1/10] DEP1003: acc=0.5556
2026-04-11 13:03:58,187 | INFO |   [2/10] DEP1030: acc=0.5000
2026-04-11 13:04:14,439 | INFO |   [3/10] DEP1032: acc=0.5556
2026-04-11 13:04:30,771 | INFO |   [4/10] HC1003: acc=0.5000
2026-04-11 13:04:46,717 | INFO |   [5/10] HC1011: acc=0.6806
2026-04-11 13:05:02,734 | INFO |   [6/10] HC1014: acc=0.5000
2026-04-11 13:05:18,807 | INFO |   [7/10] HC1017: acc=0.9306
2026-04-11 13:05:34,610 | INFO |   [8/10] HC1025: acc=0.7917
2026-04-11 13:05:51,185 | INFO |   [9/10] HC1035: acc=0.6944
2026-04-11 13:06:07,247 | INFO |   [10/10] HC1054: acc=0.5972
2026-04-11 13:06:07,248 | INFO | LOSO Mean Accuracy: 0.6306 (63.06%), std=0.1364
2026-04-11 13:06:07,249 | INFO | SVM grid result: C=1, gamma=0.01, mean=0.6306, std=0.0000
2026-04-11 13:06:07,251 | INFO | ============================================================
2026-04-11 13:06:07,252 | INFO | SVM grid: feature_set=enhanced, C=1, gamma=0.03
2026-04-11 13:06:07,254 | INFO | Seed 42, n_eval_subjects=10
2026-04-11 13:06:24,461 | INFO |   [1/10] DEP1003: acc=0.5000
2026-04-11 13:06:52,279 | INFO |   [2/10] DEP1030: acc=0.5000
2026-04-11 13:07:09,122 | INFO |   [3/10] DEP1032: acc=0.5000
2026-04-11 13:07:42,444 | INFO |   [4/10] HC1003: acc=0.5000
2026-04-11 13:07:59,390 | INFO |   [5/10] HC1011: acc=0.5000
2026-04-11 13:08:16,292 | INFO |   [6/10] HC1014: acc=0.5000
2026-04-11 13:08:48,869 | INFO |   [7/10] HC1017: acc=0.5000
2026-04-11 13:09:06,048 | INFO |   [8/10] HC1025: acc=0.5000
2026-04-11 13:09:23,570 | INFO |   [9/10] HC1035: acc=0.5000
2026-04-11 13:09:52,152 | INFO |   [10/10] HC1054: acc=0.5000
2026-04-11 13:09:52,154 | INFO | LOSO Mean Accuracy: 0.5000 (50.00%), std=0.0000
2026-04-11 13:09:52,155 | INFO | SVM grid result: C=1, gamma=0.03, mean=0.5000, std=0.0000
2026-04-11 13:09:52,156 | INFO | ============================================================
2026-04-11 13:09:52,158 | INFO | SVM grid: feature_set=enhanced, C=1, gamma=0.1
2026-04-11 13:09:52,159 | INFO | Seed 42, n_eval_subjects=10
2026-04-11 13:10:09,259 | INFO |   [1/10] DEP1003: acc=0.5000
2026-04-11 13:10:41,568 | INFO |   [2/10] DEP1030: acc=0.5000
2026-04-11 13:10:58,501 | INFO |   [3/10] DEP1032: acc=0.5000
2026-04-11 13:11:15,543 | INFO |   [4/10] HC1003: acc=0.5000
2026-04-11 13:11:32,577 | INFO |   [5/10] HC1011: acc=0.5000
2026-04-11 13:11:49,598 | INFO |   [6/10] HC1014: acc=0.5000
2026-04-11 13:12:06,417 | INFO |   [7/10] HC1017: acc=0.5000
2026-04-11 13:12:23,144 | INFO |   [8/10] HC1025: acc=0.5000
2026-04-11 13:12:40,110 | INFO |   [9/10] HC1035: acc=0.5000
2026-04-11 13:12:57,570 | INFO |   [10/10] HC1054: acc=0.5000
2026-04-11 13:12:57,572 | INFO | LOSO Mean Accuracy: 0.5000 (50.00%), std=0.0000
2026-04-11 13:12:57,573 | INFO | SVM grid result: C=1, gamma=0.1, mean=0.5000, std=0.0000
2026-04-11 13:12:57,575 | INFO | ============================================================
2026-04-11 13:12:57,576 | INFO | SVM grid: feature_set=enhanced, C=3, gamma=scale
2026-04-11 13:12:57,578 | INFO | Seed 42, n_eval_subjects=10
2026-04-11 13:13:08,510 | INFO |   [1/10] DEP1003: acc=0.5833
2026-04-11 13:13:19,469 | INFO |   [2/10] DEP1030: acc=0.5000
2026-04-11 13:13:30,451 | INFO |   [3/10] DEP1032: acc=0.4861
2026-04-11 13:13:41,546 | INFO |   [4/10] HC1003: acc=0.5694
2026-04-11 13:13:52,149 | INFO |   [5/10] HC1011: acc=0.6250
2026-04-11 13:14:02,795 | INFO |   [6/10] HC1014: acc=0.5000
2026-04-11 13:14:13,587 | INFO |   [7/10] HC1017: acc=0.8472
2026-04-11 13:14:24,289 | INFO |   [8/10] HC1025: acc=0.5556
2026-04-11 13:14:35,097 | INFO |   [9/10] HC1035: acc=0.5278
2026-04-11 13:14:45,729 | INFO |   [10/10] HC1054: acc=0.6667
2026-04-11 13:14:45,731 | INFO | LOSO Mean Accuracy: 0.5861 (58.61%), std=0.1028
2026-04-11 13:14:45,732 | INFO | SVM grid result: C=3, gamma=scale, mean=0.5861, std=0.0000
2026-04-11 13:14:45,733 | INFO | ============================================================
2026-04-11 13:14:45,735 | INFO | SVM grid: feature_set=enhanced, C=3, gamma=0.001
2026-04-11 13:14:45,737 | INFO | Seed 42, n_eval_subjects=10
2026-04-11 13:14:56,707 | INFO |   [1/10] DEP1003: acc=0.5556
2026-04-11 13:15:07,700 | INFO |   [2/10] DEP1030: acc=0.5000
2026-04-11 13:15:18,880 | INFO |   [3/10] DEP1032: acc=0.5139
2026-04-11 13:15:29,901 | INFO |   [4/10] HC1003: acc=0.5556
2026-04-11 13:15:40,877 | INFO |   [5/10] HC1011: acc=0.6806
2026-04-11 13:15:51,970 | INFO |   [6/10] HC1014: acc=0.5000
2026-04-11 13:16:03,220 | INFO |   [7/10] HC1017: acc=0.8750
2026-04-11 13:16:14,389 | INFO |   [8/10] HC1025: acc=0.5694
2026-04-11 13:16:25,624 | INFO |   [9/10] HC1035: acc=0.5139
2026-04-11 13:16:36,619 | INFO |   [10/10] HC1054: acc=0.6250
2026-04-11 13:16:36,620 | INFO | LOSO Mean Accuracy: 0.5889 (58.89%), std=0.1101
2026-04-11 13:16:36,621 | INFO | SVM grid result: C=3, gamma=0.001, mean=0.5889, std=0.0000
2026-04-11 13:16:36,622 | INFO | ============================================================
2026-04-11 13:16:36,624 | INFO | SVM grid: feature_set=enhanced, C=3, gamma=0.003
2026-04-11 13:16:36,625 | INFO | Seed 42, n_eval_subjects=10
2026-04-11 13:16:47,428 | INFO |   [1/10] DEP1003: acc=0.5833
2026-04-11 13:16:58,055 | INFO |   [2/10] DEP1030: acc=0.5000
2026-04-11 13:17:08,878 | INFO |   [3/10] DEP1032: acc=0.4583
2026-04-11 13:17:19,683 | INFO |   [4/10] HC1003: acc=0.6389
2026-04-11 13:17:30,539 | INFO |   [5/10] HC1011: acc=0.6667
2026-04-11 13:17:41,453 | INFO |   [6/10] HC1014: acc=0.5000
2026-04-11 13:17:52,442 | INFO |   [7/10] HC1017: acc=0.8889
2026-04-11 13:18:03,252 | INFO |   [8/10] HC1025: acc=0.5556
2026-04-11 13:18:14,162 | INFO |   [9/10] HC1035: acc=0.5556
2026-04-11 13:18:24,916 | INFO |   [10/10] HC1054: acc=0.5556
2026-04-11 13:18:24,932 | INFO | LOSO Mean Accuracy: 0.5903 (59.03%), std=0.1161
2026-04-11 13:18:24,947 | INFO | SVM grid result: C=3, gamma=0.003, mean=0.5903, std=0.0000
2026-04-11 13:18:24,962 | INFO | ============================================================
2026-04-11 13:18:24,977 | INFO | SVM grid: feature_set=enhanced, C=3, gamma=0.01
2026-04-11 13:18:24,990 | INFO | Seed 42, n_eval_subjects=10
2026-04-11 13:18:41,381 | INFO |   [1/10] DEP1003: acc=0.5833
2026-04-11 13:18:57,573 | INFO |   [2/10] DEP1030: acc=0.5000
2026-04-11 13:19:13,815 | INFO |   [3/10] DEP1032: acc=0.5833
2026-04-11 13:19:30,266 | INFO |   [4/10] HC1003: acc=0.5000
2026-04-11 13:19:46,749 | INFO |   [5/10] HC1011: acc=0.6944
2026-04-11 13:20:02,916 | INFO |   [6/10] HC1014: acc=0.5139
2026-04-11 13:20:19,355 | INFO |   [7/10] HC1017: acc=0.9444
2026-04-11 13:20:35,675 | INFO |   [8/10] HC1025: acc=0.7778
2026-04-11 13:20:52,421 | INFO |   [9/10] HC1035: acc=0.6806
2026-04-11 13:21:08,617 | INFO |   [10/10] HC1054: acc=0.6111
2026-04-11 13:21:08,642 | INFO | LOSO Mean Accuracy: 0.6389 (63.89%), std=0.1337
2026-04-11 13:21:08,655 | INFO | SVM grid result: C=3, gamma=0.01, mean=0.6389, std=0.0000
2026-04-11 13:21:08,668 | INFO | ============================================================
2026-04-11 13:21:08,682 | INFO | SVM grid: feature_set=enhanced, C=3, gamma=0.03
2026-04-11 13:21:08,696 | INFO | Seed 42, n_eval_subjects=10
2026-04-11 13:21:25,878 | INFO |   [1/10] DEP1003: acc=0.5000
2026-04-11 13:21:42,960 | INFO |   [2/10] DEP1030: acc=0.5000
2026-04-11 13:21:59,720 | INFO |   [3/10] DEP1032: acc=0.5000
2026-04-11 13:22:16,794 | INFO |   [4/10] HC1003: acc=0.5000
2026-04-11 13:22:33,649 | INFO |   [5/10] HC1011: acc=0.5000
2026-04-11 13:22:50,574 | INFO |   [6/10] HC1014: acc=0.5000
2026-04-11 13:23:07,714 | INFO |   [7/10] HC1017: acc=0.5000
2026-04-11 13:23:24,795 | INFO |   [8/10] HC1025: acc=0.5000
2026-04-11 13:23:41,650 | INFO |   [9/10] HC1035: acc=0.5000
2026-04-11 13:23:58,446 | INFO |   [10/10] HC1054: acc=0.5000
2026-04-11 13:23:58,465 | INFO | LOSO Mean Accuracy: 0.5000 (50.00%), std=0.0000
2026-04-11 13:23:58,483 | INFO | SVM grid result: C=3, gamma=0.03, mean=0.5000, std=0.0000
2026-04-11 13:23:58,496 | INFO | ============================================================
2026-04-11 13:23:58,510 | INFO | SVM grid: feature_set=enhanced, C=3, gamma=0.1
2026-04-11 13:23:58,523 | INFO | Seed 42, n_eval_subjects=10
2026-04-11 13:24:15,436 | INFO |   [1/10] DEP1003: acc=0.5000
2026-04-11 13:24:32,236 | INFO |   [2/10] DEP1030: acc=0.5000
2026-04-11 13:24:48,980 | INFO |   [3/10] DEP1032: acc=0.5000
2026-04-11 13:25:05,673 | INFO |   [4/10] HC1003: acc=0.5000
2026-04-11 13:25:22,553 | INFO |   [5/10] HC1011: acc=0.5000
2026-04-11 13:25:39,436 | INFO |   [6/10] HC1014: acc=0.5000
2026-04-11 13:25:56,327 | INFO |   [7/10] HC1017: acc=0.5000
2026-04-11 13:26:13,113 | INFO |   [8/10] HC1025: acc=0.5000
2026-04-11 13:26:30,115 | INFO |   [9/10] HC1035: acc=0.5000
2026-04-11 13:26:46,924 | INFO |   [10/10] HC1054: acc=0.5000
2026-04-11 13:26:46,951 | INFO | LOSO Mean Accuracy: 0.5000 (50.00%), std=0.0000
2026-04-11 13:26:46,965 | INFO | SVM grid result: C=3, gamma=0.1, mean=0.5000, std=0.0000
2026-04-11 13:26:46,978 | INFO | ============================================================
2026-04-11 13:26:46,991 | INFO | SVM grid: feature_set=enhanced, C=10, gamma=scale
2026-04-11 13:26:47,005 | INFO | Seed 42, n_eval_subjects=10
2026-04-11 13:26:56,993 | INFO |   [1/10] DEP1003: acc=0.6250
2026-04-11 13:27:06,793 | INFO |   [2/10] DEP1030: acc=0.5000
2026-04-11 13:27:16,664 | INFO |   [3/10] DEP1032: acc=0.4444
2026-04-11 13:27:26,624 | INFO |   [4/10] HC1003: acc=0.6111
2026-04-11 13:27:36,612 | INFO |   [5/10] HC1011: acc=0.6111
2026-04-11 13:27:46,523 | INFO |   [6/10] HC1014: acc=0.5000
2026-04-11 13:27:56,567 | INFO |   [7/10] HC1017: acc=0.8333
2026-04-11 13:28:06,503 | INFO |   [8/10] HC1025: acc=0.5417
2026-04-11 13:28:16,394 | INFO |   [9/10] HC1035: acc=0.5139
2026-04-11 13:28:26,226 | INFO |   [10/10] HC1054: acc=0.5278
2026-04-11 13:28:26,242 | INFO | LOSO Mean Accuracy: 0.5708 (57.08%), std=0.1035
2026-04-11 13:28:26,255 | INFO | SVM grid result: C=10, gamma=scale, mean=0.5708, std=0.0000
2026-04-11 13:28:26,269 | INFO | ============================================================
2026-04-11 13:28:26,282 | INFO | SVM grid: feature_set=enhanced, C=10, gamma=0.001
2026-04-11 13:28:26,294 | INFO | Seed 42, n_eval_subjects=10
2026-04-11 13:28:36,611 | INFO |   [1/10] DEP1003: acc=0.6111
2026-04-11 13:28:46,581 | INFO |   [2/10] DEP1030: acc=0.5000
2026-04-11 13:28:56,847 | INFO |   [3/10] DEP1032: acc=0.4306
2026-04-11 13:29:07,151 | INFO |   [4/10] HC1003: acc=0.5417
2026-04-11 13:29:17,314 | INFO |   [5/10] HC1011: acc=0.5972
2026-04-11 13:29:27,246 | INFO |   [6/10] HC1014: acc=0.5417
2026-04-11 13:29:37,397 | INFO |   [7/10] HC1017: acc=0.8333
2026-04-11 13:29:47,561 | INFO |   [8/10] HC1025: acc=0.5556
2026-04-11 13:29:57,568 | INFO |   [9/10] HC1035: acc=0.5278
2026-04-11 13:30:07,554 | INFO |   [10/10] HC1054: acc=0.6389
2026-04-11 13:30:07,568 | INFO | LOSO Mean Accuracy: 0.5778 (57.78%), std=0.1019
2026-04-11 13:30:07,582 | INFO | SVM grid result: C=10, gamma=0.001, mean=0.5778, std=0.0000
2026-04-11 13:30:07,594 | INFO | ============================================================
2026-04-11 13:30:07,607 | INFO | SVM grid: feature_set=enhanced, C=10, gamma=0.003
2026-04-11 13:30:07,621 | INFO | Seed 42, n_eval_subjects=10
2026-04-11 13:30:20,619 | INFO |   [1/10] DEP1003: acc=0.5972
2026-04-11 13:30:33,479 | INFO |   [2/10] DEP1030: acc=0.5000
2026-04-11 13:30:46,308 | INFO |   [3/10] DEP1032: acc=0.4861
2026-04-11 13:30:59,244 | INFO |   [4/10] HC1003: acc=0.6250
2026-04-11 13:31:12,930 | INFO |   [5/10] HC1011: acc=0.6250
2026-04-11 13:31:25,765 | INFO |   [6/10] HC1014: acc=0.5000
2026-04-11 13:31:39,485 | INFO |   [7/10] HC1017: acc=0.8889
2026-04-11 13:31:52,486 | INFO |   [8/10] HC1025: acc=0.5556
2026-04-11 13:32:05,422 | INFO |   [9/10] HC1035: acc=0.5417
2026-04-11 13:32:18,499 | INFO |   [10/10] HC1054: acc=0.5417
2026-04-11 13:32:18,508 | INFO | LOSO Mean Accuracy: 0.5861 (58.61%), std=0.1116
2026-04-11 13:32:18,520 | INFO | SVM grid result: C=10, gamma=0.003, mean=0.5861, std=0.0000
2026-04-11 13:32:18,522 | INFO | ============================================================
2026-04-11 13:32:18,530 | INFO | SVM grid: feature_set=enhanced, C=10, gamma=0.01
2026-04-11 13:32:18,544 | INFO | Seed 42, n_eval_subjects=10
2026-04-11 13:32:35,714 | INFO |   [1/10] DEP1003: acc=0.5694
2026-04-11 13:32:52,267 | INFO |   [2/10] DEP1030: acc=0.5000
2026-04-11 13:33:08,984 | INFO |   [3/10] DEP1032: acc=0.5833
2026-04-11 13:33:25,491 | INFO |   [4/10] HC1003: acc=0.5000
2026-04-11 13:33:41,787 | INFO |   [5/10] HC1011: acc=0.6944
2026-04-11 13:33:58,084 | INFO |   [6/10] HC1014: acc=0.5278
2026-04-11 13:34:15,134 | INFO |   [7/10] HC1017: acc=0.9444
2026-04-11 13:34:31,493 | INFO |   [8/10] HC1025: acc=0.7778
2026-04-11 13:34:48,063 | INFO |   [9/10] HC1035: acc=0.6389
2026-04-11 13:35:04,443 | INFO |   [10/10] HC1054: acc=0.5972
2026-04-11 13:35:04,447 | INFO | LOSO Mean Accuracy: 0.6333 (63.33%), std=0.1327
2026-04-11 13:35:04,455 | INFO | SVM grid result: C=10, gamma=0.01, mean=0.6333, std=0.0000
2026-04-11 13:35:04,467 | INFO | ============================================================
2026-04-11 13:35:04,470 | INFO | SVM grid: feature_set=enhanced, C=10, gamma=0.03
2026-04-11 13:35:04,478 | INFO | Seed 42, n_eval_subjects=10
2026-04-11 13:35:21,733 | INFO |   [1/10] DEP1003: acc=0.5000
2026-04-11 13:35:38,701 | INFO |   [2/10] DEP1030: acc=0.5000
2026-04-11 13:35:55,590 | INFO |   [3/10] DEP1032: acc=0.5000
2026-04-11 13:36:12,408 | INFO |   [4/10] HC1003: acc=0.5000
2026-04-11 13:36:29,493 | INFO |   [5/10] HC1011: acc=0.5000
2026-04-11 13:36:46,587 | INFO |   [6/10] HC1014: acc=0.5000
2026-04-11 13:37:03,563 | INFO |   [7/10] HC1017: acc=0.5000
2026-04-11 13:37:20,593 | INFO |   [8/10] HC1025: acc=0.5000
2026-04-11 13:37:37,568 | INFO |   [9/10] HC1035: acc=0.5000
2026-04-11 13:37:54,413 | INFO |   [10/10] HC1054: acc=0.5000
2026-04-11 13:37:54,422 | INFO | LOSO Mean Accuracy: 0.5000 (50.00%), std=0.0000
2026-04-11 13:37:54,425 | INFO | SVM grid result: C=10, gamma=0.03, mean=0.5000, std=0.0000
2026-04-11 13:37:54,438 | INFO | ============================================================
2026-04-11 13:37:54,446 | INFO | SVM grid: feature_set=enhanced, C=10, gamma=0.1
2026-04-11 13:37:54,451 | INFO | Seed 42, n_eval_subjects=10
2026-04-11 13:38:11,457 | INFO |   [1/10] DEP1003: acc=0.5000
2026-04-11 13:38:28,304 | INFO |   [2/10] DEP1030: acc=0.5000
2026-04-11 13:38:45,123 | INFO |   [3/10] DEP1032: acc=0.5000
2026-04-11 13:39:01,696 | INFO |   [4/10] HC1003: acc=0.5000
2026-04-11 13:39:18,372 | INFO |   [5/10] HC1011: acc=0.5000
2026-04-11 13:39:35,001 | INFO |   [6/10] HC1014: acc=0.5000
2026-04-11 13:39:51,627 | INFO |   [7/10] HC1017: acc=0.5000
2026-04-11 13:40:08,656 | INFO |   [8/10] HC1025: acc=0.5000
2026-04-11 13:40:25,426 | INFO |   [9/10] HC1035: acc=0.5000
2026-04-11 13:40:42,109 | INFO |   [10/10] HC1054: acc=0.5000
2026-04-11 13:40:42,116 | INFO | LOSO Mean Accuracy: 0.5000 (50.00%), std=0.0000
2026-04-11 13:40:42,118 | INFO | SVM grid result: C=10, gamma=0.1, mean=0.5000, std=0.0000
2026-04-11 13:40:42,130 | INFO | ============================================================
2026-04-11 13:40:42,142 | INFO | SVM grid: feature_set=enhanced, C=30, gamma=scale
2026-04-11 13:40:42,154 | INFO | Seed 42, n_eval_subjects=10
2026-04-11 13:40:53,723 | INFO |   [1/10] DEP1003: acc=0.6111
2026-04-11 13:41:04,232 | INFO |   [2/10] DEP1030: acc=0.5000
2026-04-11 13:41:15,095 | INFO |   [3/10] DEP1032: acc=0.5000
2026-04-11 13:41:26,857 | INFO |   [4/10] HC1003: acc=0.7083
2026-04-11 13:41:38,258 | INFO |   [5/10] HC1011: acc=0.5694
2026-04-11 13:41:48,691 | INFO |   [6/10] HC1014: acc=0.5000
2026-04-11 13:42:00,657 | INFO |   [7/10] HC1017: acc=0.8611
2026-04-11 13:42:13,432 | INFO |   [8/10] HC1025: acc=0.5556
2026-04-11 13:42:25,244 | INFO |   [9/10] HC1035: acc=0.5278
2026-04-11 13:42:36,603 | INFO |   [10/10] HC1054: acc=0.4444
2026-04-11 13:42:36,616 | INFO | LOSO Mean Accuracy: 0.5778 (57.78%), std=0.1172
2026-04-11 13:42:36,632 | INFO | SVM grid result: C=30, gamma=scale, mean=0.5778, std=0.0000
2026-04-11 13:42:36,648 | INFO | ============================================================
2026-04-11 13:42:36,656 | INFO | SVM grid: feature_set=enhanced, C=30, gamma=0.001
2026-04-11 13:42:36,668 | INFO | Seed 42, n_eval_subjects=10
2026-04-11 13:42:46,360 | INFO |   [1/10] DEP1003: acc=0.5833
2026-04-11 13:42:56,080 | INFO |   [2/10] DEP1030: acc=0.5000
2026-04-11 13:43:05,743 | INFO |   [3/10] DEP1032: acc=0.5000
2026-04-11 13:43:15,582 | INFO |   [4/10] HC1003: acc=0.5694
2026-04-11 13:43:25,340 | INFO |   [5/10] HC1011: acc=0.5556
2026-04-11 13:43:35,024 | INFO |   [6/10] HC1014: acc=0.5000
2026-04-11 13:43:44,903 | INFO |   [7/10] HC1017: acc=0.7639
2026-04-11 13:43:54,716 | INFO |   [8/10] HC1025: acc=0.5278
2026-04-11 13:44:04,333 | INFO |   [9/10] HC1035: acc=0.5000
2026-04-11 13:44:14,068 | INFO |   [10/10] HC1054: acc=0.5417
2026-04-11 13:44:14,071 | INFO | LOSO Mean Accuracy: 0.5542 (55.42%), std=0.0759
2026-04-11 13:44:14,072 | INFO | SVM grid result: C=30, gamma=0.001, mean=0.5542, std=0.0000
2026-04-11 13:44:14,075 | INFO | ============================================================
2026-04-11 13:44:14,078 | INFO | SVM grid: feature_set=enhanced, C=30, gamma=0.003
2026-04-11 13:44:14,079 | INFO | Seed 42, n_eval_subjects=10
2026-04-11 13:44:27,174 | INFO |   [1/10] DEP1003: acc=0.6111
2026-04-11 13:44:40,458 | INFO |   [2/10] DEP1030: acc=0.5000
2026-04-11 13:44:53,377 | INFO |   [3/10] DEP1032: acc=0.5000
2026-04-11 13:45:06,513 | INFO |   [4/10] HC1003: acc=0.6250
2026-04-11 13:45:20,364 | INFO |   [5/10] HC1011: acc=0.6111
2026-04-11 13:45:33,974 | INFO |   [6/10] HC1014: acc=0.5000
2026-04-11 13:45:47,463 | INFO |   [7/10] HC1017: acc=0.9306
2026-04-11 13:46:00,410 | INFO |   [8/10] HC1025: acc=0.5556
2026-04-11 13:46:14,269 | INFO |   [9/10] HC1035: acc=0.5556
2026-04-11 13:46:27,408 | INFO |   [10/10] HC1054: acc=0.5417
2026-04-11 13:46:27,410 | INFO | LOSO Mean Accuracy: 0.5931 (59.31%), std=0.1212
2026-04-11 13:46:27,411 | INFO | SVM grid result: C=30, gamma=0.003, mean=0.5931, std=0.0000
2026-04-11 13:46:27,412 | INFO | ============================================================
2026-04-11 13:46:27,413 | INFO | SVM grid: feature_set=enhanced, C=30, gamma=0.01
2026-04-11 13:46:27,414 | INFO | Seed 42, n_eval_subjects=10
2026-04-11 13:46:44,196 | INFO |   [1/10] DEP1003: acc=0.5694
2026-04-11 13:47:00,454 | INFO |   [2/10] DEP1030: acc=0.5000
2026-04-11 13:47:16,806 | INFO |   [3/10] DEP1032: acc=0.5833
2026-04-11 13:47:33,195 | INFO |   [4/10] HC1003: acc=0.5000
2026-04-11 13:47:49,657 | INFO |   [5/10] HC1011: acc=0.6944
2026-04-11 13:48:06,024 | INFO |   [6/10] HC1014: acc=0.5278
2026-04-11 13:48:22,988 | INFO |   [7/10] HC1017: acc=0.9444
2026-04-11 13:48:39,331 | INFO |   [8/10] HC1025: acc=0.7778
2026-04-11 13:48:55,591 | INFO |   [9/10] HC1035: acc=0.6389
2026-04-11 13:49:11,796 | INFO |   [10/10] HC1054: acc=0.5972
2026-04-11 13:49:11,808 | INFO | LOSO Mean Accuracy: 0.6333 (63.33%), std=0.1327
2026-04-11 13:49:11,812 | INFO | SVM grid result: C=30, gamma=0.01, mean=0.6333, std=0.0000
2026-04-11 13:49:11,825 | INFO | ============================================================
2026-04-11 13:49:11,832 | INFO | SVM grid: feature_set=enhanced, C=30, gamma=0.03
2026-04-11 13:49:11,840 | INFO | Seed 42, n_eval_subjects=10
2026-04-11 13:49:28,921 | INFO |   [1/10] DEP1003: acc=0.5000
2026-04-11 13:49:45,780 | INFO |   [2/10] DEP1030: acc=0.5000
2026-04-11 13:50:02,531 | INFO |   [3/10] DEP1032: acc=0.5000
2026-04-11 13:50:19,381 | INFO |   [4/10] HC1003: acc=0.5000
2026-04-11 13:50:36,231 | INFO |   [5/10] HC1011: acc=0.5000
2026-04-11 13:50:53,514 | INFO |   [6/10] HC1014: acc=0.5000
2026-04-11 13:51:11,277 | INFO |   [7/10] HC1017: acc=0.5000
2026-04-11 13:51:29,047 | INFO |   [8/10] HC1025: acc=0.5000
2026-04-11 13:51:46,606 | INFO |   [9/10] HC1035: acc=0.5000
2026-04-11 13:52:04,111 | INFO |   [10/10] HC1054: acc=0.5000
2026-04-11 13:52:04,120 | INFO | LOSO Mean Accuracy: 0.5000 (50.00%), std=0.0000
2026-04-11 13:52:04,133 | INFO | SVM grid result: C=30, gamma=0.03, mean=0.5000, std=0.0000
2026-04-11 13:52:04,143 | INFO | ============================================================
2026-04-11 13:52:04,147 | INFO | SVM grid: feature_set=enhanced, C=30, gamma=0.1
2026-04-11 13:52:04,161 | INFO | Seed 42, n_eval_subjects=10
2026-04-11 13:52:21,667 | INFO |   [1/10] DEP1003: acc=0.5000
2026-04-11 13:52:38,736 | INFO |   [2/10] DEP1030: acc=0.5000
2026-04-11 13:52:56,107 | INFO |   [3/10] DEP1032: acc=0.5000
2026-04-11 13:53:13,705 | INFO |   [4/10] HC1003: acc=0.5000
2026-04-11 13:53:31,180 | INFO |   [5/10] HC1011: acc=0.5000
2026-04-11 13:53:48,217 | INFO |   [6/10] HC1014: acc=0.5000
2026-04-11 13:54:05,524 | INFO |   [7/10] HC1017: acc=0.5000
2026-04-11 13:54:22,565 | INFO |   [8/10] HC1025: acc=0.5000
2026-04-11 13:54:39,340 | INFO |   [9/10] HC1035: acc=0.5000
2026-04-11 13:54:56,153 | INFO |   [10/10] HC1054: acc=0.5000
2026-04-11 13:54:56,164 | INFO | LOSO Mean Accuracy: 0.5000 (50.00%), std=0.0000
2026-04-11 13:54:56,174 | INFO | SVM grid result: C=30, gamma=0.1, mean=0.5000, std=0.0000
2026-04-11 13:54:56,188 | INFO | ============================================================
2026-04-11 13:54:56,196 | INFO | Best SVM: feature_set=enhanced, C=0.1, gamma=scale, mean=0.6667, std=0.0000, scores=[0.6666666666666667]
2026-04-11 13:54:56,210 | INFO | Evaluation complete in 128.9 min
